#
# There is insufficient memory for the Java Runtime Environment to continue.
# Native memory allocation (mmap) failed to map 4194304 bytes for G1 virtual space
# Possible reasons:
#   The system is out of physical RAM or swap space
#   The process is running with CompressedOops enabled, and the Java Heap may be blocking the growth of the native heap
# Possible solutions:
#   Reduce memory load on the system
#   Increase physical memory or swap space
#   Check if swap backing store is full
#   Decrease Java heap size (-Xmx/-Xms)
#   Decrease number of Java threads
#   Decrease Java thread stack sizes (-Xss)
#   Set larger code cache with -XX:ReservedCodeCacheSize=
#   JVM is running with Unscaled Compressed Oops mode in which the Java heap is
#     placed in the first 4GB address space. The Java Heap base address is the
#     maximum limit for the native heap growth. Please use -XX:HeapBaseMinAddress
#     to set the Java Heap base and to place the Java Heap above 4GB virtual address.
# This output file may be truncated or incomplete.
#
#  Out of Memory Error (os_windows.cpp:3559), pid=8196, tid=14300
#
# JRE version: OpenJDK Runtime Environment Temurin-17.0.7+7 (17.0.7+7) (build 17.0.7+7)
# Java VM: OpenJDK 64-Bit Server VM Temurin-17.0.7+7 (17.0.7+7, mixed mode, emulated-client, tiered, compressed oops, compressed class ptrs, g1 gc, windows-amd64)
# No core dump will be written. Minidumps are not enabled by default on client versions of Windows
#

---------------  S U M M A R Y ------------

Command Line: -Dcom.sun.management.jmxremote -Dcom.sun.management.jmxremote.port=61729 -Dcom.sun.management.jmxremote.authenticate=false -Dcom.sun.management.jmxremote.ssl=false -Djava.rmi.server.hostname=localhost -Dspring.jmx.enabled=true -Dmanagement.endpoints.jmx.exposure.include=* -Dspring.application.admin.enabled=true -XX:TieredStopAtLevel=1 -Dspring.boot.project.name=ThoughtFlow -Dfile.encoding=UTF-8 -XX:+ShowCodeDetailsInExceptionMessages com.flow.ThoughtFlowApplication --spring.output.ansi.enabled=always

Host: AMD Ryzen 3 3200U with Radeon Vega Mobile Gfx  , 4 cores, 3G,  Windows 10 , 64 bit Build 19041 (10.0.19041.3393)
Time: Thu Sep 21 15:38:37 2023 India Standard Time elapsed time: 4.646001 seconds (0d 0h 0m 4s)

---------------  T H R E A D  ---------------

Current thread (0x0000017b7fbde500):  VMThread "VM Thread" [stack: 0x0000000e00500000,0x0000000e00600000] [id=14300]

Stack: [0x0000000e00500000,0x0000000e00600000]
Native frames: (J=compiled Java code, j=interpreted, Vv=VM code, C=native code)
V  [jvm.dll+0x67754a]
V  [jvm.dll+0x834304]
V  [jvm.dll+0x835aae]
V  [jvm.dll+0x836113]
V  [jvm.dll+0x24696f]
V  [jvm.dll+0x6743f9]
V  [jvm.dll+0x668c8a]
V  [jvm.dll+0x3061bb]
V  [jvm.dll+0x30d6a6]
V  [jvm.dll+0x35cece]
V  [jvm.dll+0x35d0ff]
V  [jvm.dll+0x2dd048]
V  [jvm.dll+0x2db20c]
V  [jvm.dll+0x2da7dc]
V  [jvm.dll+0x31e6db]
V  [jvm.dll+0x83a5bb]
V  [jvm.dll+0x83b2f4]
V  [jvm.dll+0x83b80c]
V  [jvm.dll+0x83bbe4]
V  [jvm.dll+0x83bcb0]
V  [jvm.dll+0x7e4e7a]
V  [jvm.dll+0x676395]
C  [ucrtbase.dll+0x21bb2]
C  [KERNEL32.DLL+0x17344]
C  [ntdll.dll+0x526b1]

VM_Operation (0x0000000e026fe450): G1CollectForAllocation, mode: safepoint, requested by thread 0x0000017b0f758a10


---------------  P R O C E S S  ---------------

Threads class SMR info:
_java_thread_list=0x0000017b10756050, length=27, elements={
0x0000017b7fb1b000, 0x0000017b0a5a18a0, 0x0000017b0a5a4530, 0x0000017b0a5e54d0,
0x0000017b0a5e8160, 0x0000017b0a5e9a30, 0x0000017b0a5ea2f0, 0x0000017b0a5ee160,
0x0000017b0a6012b0, 0x0000017b0a55c7f0, 0x0000017b0a8bd810, 0x0000017b0f211280,
0x0000017b0f2d40e0, 0x0000017b0f2cc750, 0x0000017b0f2c0e00, 0x0000017b0f41a840,
0x0000017b0f3f0540, 0x0000017b0a942c30, 0x0000017b0f4d7af0, 0x0000017b0f75a220,
0x0000017b0f75ba30, 0x0000017b0f758ee0, 0x0000017b0f75a6f0, 0x0000017b0f75abc0,
0x0000017b0f758070, 0x0000017b0f758540, 0x0000017b0f758a10
}

Java Threads: ( => current thread )
  0x0000017b7fb1b000 JavaThread "main" [_thread_blocked, id=12572, stack(0x0000000e7ff00000,0x0000000e80000000)]
  0x0000017b0a5a18a0 JavaThread "Reference Handler" daemon [_thread_blocked, id=7728, stack(0x0000000e00600000,0x0000000e00700000)]
  0x0000017b0a5a4530 JavaThread "Finalizer" daemon [_thread_blocked, id=14280, stack(0x0000000e00700000,0x0000000e00800000)]
  0x0000017b0a5e54d0 JavaThread "Signal Dispatcher" daemon [_thread_blocked, id=1144, stack(0x0000000e00800000,0x0000000e00900000)]
  0x0000017b0a5e8160 JavaThread "Attach Listener" daemon [_thread_blocked, id=7336, stack(0x0000000e00900000,0x0000000e00a00000)]
  0x0000017b0a5e9a30 JavaThread "Service Thread" daemon [_thread_blocked, id=4888, stack(0x0000000e00a00000,0x0000000e00b00000)]
  0x0000017b0a5ea2f0 JavaThread "Monitor Deflation Thread" daemon [_thread_blocked, id=6772, stack(0x0000000e00b00000,0x0000000e00c00000)]
  0x0000017b0a5ee160 JavaThread "C1 CompilerThread0" daemon [_thread_blocked, id=7908, stack(0x0000000e00c00000,0x0000000e00d00000)]
  0x0000017b0a6012b0 JavaThread "Sweeper thread" daemon [_thread_blocked, id=8188, stack(0x0000000e00d00000,0x0000000e00e00000)]
  0x0000017b0a55c7f0 JavaThread "Common-Cleaner" daemon [_thread_blocked, id=13988, stack(0x0000000e00e00000,0x0000000e00f00000)]
  0x0000017b0a8bd810 JavaThread "Notification Thread" daemon [_thread_blocked, id=7924, stack(0x0000000e00f00000,0x0000000e01000000)]
  0x0000017b0f211280 JavaThread "C1 CompilerThread1" daemon [_thread_blocked, id=1272, stack(0x0000000e01000000,0x0000000e01100000)]
  0x0000017b0f2d40e0 JavaThread "RMI TCP Accept-0" daemon [_thread_in_native, id=11812, stack(0x0000000e01100000,0x0000000e01200000)]
  0x0000017b0f2cc750 JavaThread "RMI TCP Accept-61729" daemon [_thread_in_native, id=9252, stack(0x0000000e01200000,0x0000000e01300000)]
  0x0000017b0f2c0e00 JavaThread "RMI TCP Accept-0" daemon [_thread_in_native, id=9984, stack(0x0000000e01300000,0x0000000e01400000)]
  0x0000017b0f41a840 JavaThread "RMI TCP Connection(1)-127.0.0.1" daemon [_thread_in_native, id=14328, stack(0x0000000e01500000,0x0000000e01600000)]
  0x0000017b0f3f0540 JavaThread "RMI Scheduler(0)" daemon [_thread_blocked, id=13868, stack(0x0000000e01600000,0x0000000e01700000)]
  0x0000017b0a942c30 JavaThread "RMI TCP Connection(2)-127.0.0.1" daemon [_thread_in_native, id=8468, stack(0x0000000e01c00000,0x0000000e01d00000)]
  0x0000017b0f4d7af0 JavaThread "JMX server connection timeout 21" daemon [_thread_blocked, id=4360, stack(0x0000000e01d00000,0x0000000e01e00000)]
  0x0000017b0f75a220 JavaThread "Thread-0" [_thread_blocked, id=13824, stack(0x0000000e01e00000,0x0000000e01f00000)]
  0x0000017b0f75ba30 JavaThread "restartedMain" [_thread_blocked, id=12804, stack(0x0000000e01f00000,0x0000000e02000000)]
  0x0000017b0f758ee0 JavaThread "mysql-cj-abandoned-connection-cleanup" daemon [_thread_blocked, id=4516, stack(0x0000000e02000000,0x0000000e02100000)]
  0x0000017b0f75a6f0 JavaThread "HikariPool-1 housekeeper" daemon [_thread_blocked, id=6264, stack(0x0000000e02200000,0x0000000e02300000)]
  0x0000017b0f75abc0 JavaThread "Catalina-utility-1" [_thread_blocked, id=904, stack(0x0000000e02300000,0x0000000e02400000)]
  0x0000017b0f758070 JavaThread "Catalina-utility-2" [_thread_blocked, id=1688, stack(0x0000000e02400000,0x0000000e02500000)]
  0x0000017b0f758540 JavaThread "container-0" [_thread_blocked, id=4784, stack(0x0000000e02500000,0x0000000e02600000)]
  0x0000017b0f758a10 JavaThread "HikariPool-1 connection adder" daemon [_thread_blocked, id=9704, stack(0x0000000e02600000,0x0000000e02700000)]

Other Threads:
=>0x0000017b7fbde500 VMThread "VM Thread" [stack: 0x0000000e00500000,0x0000000e00600000] [id=14300]
  0x0000017b7fb66630 WatcherThread [stack: 0x0000000e01400000,0x0000000e01500000] [id=4128]
  0x0000017b7fb51a80 GCTaskThread "GC Thread#0" [stack: 0x0000000e00000000,0x0000000e00100000] [id=10628]
  0x0000017b0f40b480 GCTaskThread "GC Thread#1" [stack: 0x0000000e01700000,0x0000000e01800000] [id=13636]
  0x0000017b0f40b730 GCTaskThread "GC Thread#2" [stack: 0x0000000e01800000,0x0000000e01900000] [id=8520]
  0x0000017b0f4961f0 GCTaskThread "GC Thread#3" [stack: 0x0000000e01900000,0x0000000e01a00000] [id=11724]
  0x0000017b7fb59cb0 ConcurrentGCThread "G1 Main Marker" [stack: 0x0000000e00100000,0x0000000e00200000] [id=1948]
  0x0000017b7fb5b5e0 ConcurrentGCThread "G1 Conc#0" [stack: 0x0000000e00200000,0x0000000e00300000] [id=8068]
  0x0000017b7fb99b40 ConcurrentGCThread "G1 Refine#0" [stack: 0x0000000e00300000,0x0000000e00400000] [id=6348]
  0x0000017b0f496cb0 ConcurrentGCThread "G1 Refine#1" [stack: 0x0000000e01a00000,0x0000000e01b00000] [id=13572]
  0x0000017b0f419ab0 ConcurrentGCThread "G1 Refine#2" [stack: 0x0000000e01b00000,0x0000000e01c00000] [id=8248]
  0x0000017b7fb9a470 ConcurrentGCThread "G1 Service" [stack: 0x0000000e00400000,0x0000000e00500000] [id=7548]

Threads with active compile tasks:
C1 CompilerThread1     4674 4239       1       java.text.MessageFormat::subformat (542 bytes)

VM state: at safepoint (normal execution)

VM Mutex/Monitor currently owned by a thread:  ([mutex/lock_event])
[0x0000017b7fb15c40] Threads_lock - owner thread: 0x0000017b7fbde500
[0x0000017b7fb15580] Heap_lock - owner thread: 0x0000017b0f758a10

Heap address: 0x00000000c9e00000, size: 866 MB, Compressed Oops mode: 32-bit

CDS archive(s) not mapped
Compressed class space mapped at: 0x0000000100000000-0x0000000140000000, reserved size: 1073741824
Narrow klass base: 0x0000000000000000, Narrow klass shift: 3, Narrow klass range: 0x140000000

GC Precious Log:
 CPUs: 4 total, 4 available
 Memory: 3459M
 Large Page Support: Disabled
 NUMA Support: Disabled
 Compressed Oops: Enabled (32-bit)
 Heap Region Size: 1M
 Heap Min Capacity: 8M
 Heap Initial Capacity: 56M
 Heap Max Capacity: 866M
 Pre-touch: Disabled
 Parallel Workers: 4
 Concurrent Workers: 1
 Concurrent Refinement Workers: 4
 Periodic GC: Disabled

Heap:
 garbage-first heap   total 47104K, used 21812K [0x00000000c9e00000, 0x0000000100000000)
  region size 1024K, 2 young (2048K), 2 survivors (2048K)
 Metaspace       used 48139K, committed 48576K, reserved 1114112K
  class space    used 6168K, committed 6400K, reserved 1048576K

Heap Regions: E=young(eden), S=young(survivor), O=old, HS=humongous(starts), HC=humongous(continues), CS=collection set, F=free, OA=open archive, CA=closed archive, TAMS=top-at-mark-start (previous, next)
|   0|0x00000000c9e00000, 0x00000000c9f00000, 0x00000000c9f00000|100%|HS|  |TAMS 0x00000000c9f00000, 0x00000000c9e00000| Complete 
|   1|0x00000000c9f00000, 0x00000000ca000000, 0x00000000ca000000|100%| O|  |TAMS 0x00000000ca000000, 0x00000000c9f00000| Untracked 
|   2|0x00000000ca000000, 0x00000000ca100000, 0x00000000ca100000|100%| O|  |TAMS 0x00000000ca100000, 0x00000000ca000000| Untracked 
|   3|0x00000000ca100000, 0x00000000ca200000, 0x00000000ca200000|100%| O|  |TAMS 0x00000000ca200000, 0x00000000ca100000| Untracked 
|   4|0x00000000ca200000, 0x00000000ca300000, 0x00000000ca300000|100%| O|  |TAMS 0x00000000ca300000, 0x00000000ca200000| Untracked 
|   5|0x00000000ca300000, 0x00000000ca400000, 0x00000000ca400000|100%| O|  |TAMS 0x00000000ca400000, 0x00000000ca300000| Untracked 
|   6|0x00000000ca400000, 0x00000000ca500000, 0x00000000ca500000|100%| O|  |TAMS 0x00000000ca500000, 0x00000000ca400000| Untracked 
|   7|0x00000000ca500000, 0x00000000ca57da00, 0x00000000ca600000| 49%| O|  |TAMS 0x00000000ca57da00, 0x00000000ca500000| Untracked 
|   8|0x00000000ca600000, 0x00000000ca700000, 0x00000000ca700000|100%| O|  |TAMS 0x00000000ca700000, 0x00000000ca600000| Untracked 
|   9|0x00000000ca700000, 0x00000000ca800000, 0x00000000ca800000|100%| O|  |TAMS 0x00000000ca800000, 0x00000000ca700000| Untracked 
|  10|0x00000000ca800000, 0x00000000ca900000, 0x00000000ca900000|100%| O|  |TAMS 0x00000000ca900000, 0x00000000ca800000| Untracked 
|  11|0x00000000ca900000, 0x00000000caa00000, 0x00000000caa00000|100%| O|  |TAMS 0x00000000caa00000, 0x00000000ca900000| Untracked 
|  12|0x00000000caa00000, 0x00000000cab00000, 0x00000000cab00000|100%| O|  |TAMS 0x00000000cab00000, 0x00000000caa00000| Untracked 
|  13|0x00000000cab00000, 0x00000000cac00000, 0x00000000cac00000|100%| O|  |TAMS 0x00000000cab24800, 0x00000000cab00000| Untracked 
|  14|0x00000000cac00000, 0x00000000cad00000, 0x00000000cad00000|100%| O|  |TAMS 0x00000000cac00000, 0x00000000cac00000| Untracked 
|  15|0x00000000cad00000, 0x00000000cae00000, 0x00000000cae00000|100%| O|  |TAMS 0x00000000cad00000, 0x00000000cad00000| Untracked 
|  16|0x00000000cae00000, 0x00000000caf00000, 0x00000000caf00000|100%| O|  |TAMS 0x00000000cae00000, 0x00000000cae00000| Untracked 
|  17|0x00000000caf00000, 0x00000000cb000000, 0x00000000cb000000|100%| O|  |TAMS 0x00000000caf00000, 0x00000000caf00000| Untracked 
|  18|0x00000000cb000000, 0x00000000cb100000, 0x00000000cb100000|100%| O|  |TAMS 0x00000000cb000000, 0x00000000cb000000| Untracked 
|  19|0x00000000cb100000, 0x00000000cb200000, 0x00000000cb200000|100%| O|  |TAMS 0x00000000cb100000, 0x00000000cb100000| Untracked 
|  20|0x00000000cb200000, 0x00000000cb26be00, 0x00000000cb300000| 42%| O|  |TAMS 0x00000000cb200000, 0x00000000cb200000| Untracked 
|  21|0x00000000cb300000, 0x00000000cb300000, 0x00000000cb400000|  0%| F|  |TAMS 0x00000000cb300000, 0x00000000cb300000| Untracked 
|  22|0x00000000cb400000, 0x00000000cb400000, 0x00000000cb500000|  0%| F|  |TAMS 0x00000000cb400000, 0x00000000cb400000| Untracked 
|  23|0x00000000cb500000, 0x00000000cb500000, 0x00000000cb600000|  0%| F|  |TAMS 0x00000000cb500000, 0x00000000cb500000| Untracked 
|  24|0x00000000cb600000, 0x00000000cb600000, 0x00000000cb700000|  0%| F|  |TAMS 0x00000000cb600000, 0x00000000cb600000| Untracked 
|  25|0x00000000cb700000, 0x00000000cb700000, 0x00000000cb800000|  0%| F|  |TAMS 0x00000000cb700000, 0x00000000cb700000| Untracked 
|  26|0x00000000cb800000, 0x00000000cb800000, 0x00000000cb900000|  0%| F|  |TAMS 0x00000000cb800000, 0x00000000cb800000| Untracked 
|  27|0x00000000cb900000, 0x00000000cb900000, 0x00000000cba00000|  0%| F|  |TAMS 0x00000000cb900000, 0x00000000cb900000| Untracked 
|  28|0x00000000cba00000, 0x00000000cba00000, 0x00000000cbb00000|  0%| F|  |TAMS 0x00000000cba00000, 0x00000000cba00000| Untracked 
|  29|0x00000000cbb00000, 0x00000000cbb63980, 0x00000000cbc00000| 38%| S|CS|TAMS 0x00000000cbb00000, 0x00000000cbb00000| Complete 
|  30|0x00000000cbc00000, 0x00000000cbd00000, 0x00000000cbd00000|100%| S|CS|TAMS 0x00000000cbc00000, 0x00000000cbc00000| Complete 
|  31|0x00000000cbd00000, 0x00000000cbd00000, 0x00000000cbe00000|  0%| F|  |TAMS 0x00000000cbd00000, 0x00000000cbd00000| Untracked 
|  32|0x00000000cbe00000, 0x00000000cbe00000, 0x00000000cbf00000|  0%| F|  |TAMS 0x00000000cbe00000, 0x00000000cbe00000| Untracked 
|  33|0x00000000cbf00000, 0x00000000cbf00000, 0x00000000cc000000|  0%| F|  |TAMS 0x00000000cbf00000, 0x00000000cbf00000| Untracked 
|  34|0x00000000cc000000, 0x00000000cc000000, 0x00000000cc100000|  0%| F|  |TAMS 0x00000000cc000000, 0x00000000cc000000| Untracked 
|  35|0x00000000cc100000, 0x00000000cc100000, 0x00000000cc200000|  0%| F|  |TAMS 0x00000000cc100000, 0x00000000cc100000| Untracked 
|  36|0x00000000cc200000, 0x00000000cc200000, 0x00000000cc300000|  0%| F|  |TAMS 0x00000000cc200000, 0x00000000cc200000| Untracked 
|  37|0x00000000cc300000, 0x00000000cc300000, 0x00000000cc400000|  0%| F|  |TAMS 0x00000000cc300000, 0x00000000cc300000| Untracked 
|  38|0x00000000cc400000, 0x00000000cc400000, 0x00000000cc500000|  0%| F|  |TAMS 0x00000000cc400000, 0x00000000cc400000| Untracked 
|  39|0x00000000cc500000, 0x00000000cc500000, 0x00000000cc600000|  0%| F|  |TAMS 0x00000000cc500000, 0x00000000cc500000| Untracked 
|  40|0x00000000cc600000, 0x00000000cc600000, 0x00000000cc700000|  0%| F|  |TAMS 0x00000000cc600000, 0x00000000cc600000| Untracked 
|  41|0x00000000cc700000, 0x00000000cc700000, 0x00000000cc800000|  0%| F|  |TAMS 0x00000000cc700000, 0x00000000cc700000| Untracked 
|  42|0x00000000cc800000, 0x00000000cc800000, 0x00000000cc900000|  0%| F|  |TAMS 0x00000000cc800000, 0x00000000cc800000| Untracked 
|  47|0x00000000ccd00000, 0x00000000ccd00000, 0x00000000cce00000|  0%| F|  |TAMS 0x00000000ccd00000, 0x00000000ccd00000| Untracked 
|  48|0x00000000cce00000, 0x00000000cce00000, 0x00000000ccf00000|  0%| F|  |TAMS 0x00000000cce00000, 0x00000000cce00000| Untracked 
|  55|0x00000000cd500000, 0x00000000cd500000, 0x00000000cd600000|  0%| F|  |TAMS 0x00000000cd500000, 0x00000000cd500000| Untracked 

Card table byte_map: [0x0000017b7fbe0000,0x0000017b7fda0000] _byte_map_base: 0x0000017b7f591000

Marking Bits (Prev, Next): (CMBitMap*) 0x0000017b7fb51fa0, (CMBitMap*) 0x0000017b7fb51fe0
 Prev Bits: [0x0000017b065f0000, 0x0000017b07378000)
 Next Bits: [0x0000017b07380000, 0x0000017b08108000)

Polling page: 0x0000017b7f2e0000

Metaspace:

Usage:
  Non-class:     40.99 MB used.
      Class:      6.02 MB used.
       Both:     47.01 MB used.

Virtual space:
  Non-class space:       64.00 MB reserved,      41.19 MB ( 64%) committed,  1 nodes.
      Class space:        1.00 GB reserved,       6.25 MB ( <1%) committed,  1 nodes.
             Both:        1.06 GB reserved,      47.44 MB (  4%) committed. 

Chunk freelists:
   Non-Class:  6.31 MB
       Class:  9.80 MB
        Both:  16.11 MB

MaxMetaspaceSize: unlimited
CompressedClassSpaceSize: 1.00 GB
Initial GC threshold: 21.00 MB
Current GC threshold: 59.31 MB
CDS: off
MetaspaceReclaimPolicy: balanced
 - commit_granule_bytes: 65536.
 - commit_granule_words: 8192.
 - virtual_space_node_default_size: 8388608.
 - enlarge_chunks_in_place: 1.
 - new_chunks_are_fully_committed: 0.
 - uncommit_free_chunks: 1.
 - use_allocation_guard: 0.
 - handle_deallocations: 1.


Internal statistics:

num_allocs_failed_limit: 8.
num_arena_births: 610.
num_arena_deaths: 0.
num_vsnodes_births: 2.
num_vsnodes_deaths: 0.
num_space_committed: 759.
num_space_uncommitted: 0.
num_chunks_returned_to_freelist: 8.
num_chunks_taken_from_freelist: 1967.
num_chunk_merges: 8.
num_chunk_splits: 1337.
num_chunks_enlarged: 946.
num_inconsistent_stats: 0.

CodeCache: size=49152Kb used=8345Kb max_used=8345Kb free=40806Kb
 bounds [0x0000017b035f0000, 0x0000017b03e20000, 0x0000017b065f0000]
 total_blobs=4823 nmethods=4238 adapters=511
 compilation: enabled
              stopped_count=0, restarted_count=0
 full_count=0

Compilation events (20 events):
Event: 4.605 Thread 0x0000017b0f211280 nmethod 4229 0x0000017b03e13710 code [0x0000017b03e138a0, 0x0000017b03e139c8]
Event: 4.605 Thread 0x0000017b0f211280 4230       1       java.nio.HeapByteBuffer::get (15 bytes)
Event: 4.605 Thread 0x0000017b0a5ee160 4231       1       com.mysql.cj.protocol.a.MultiPacketReader::readHeader (5 bytes)
Event: 4.605 Thread 0x0000017b0f211280 nmethod 4230 0x0000017b03e13a90 code [0x0000017b03e13c20, 0x0000017b03e13d38]
Event: 4.605 Thread 0x0000017b0f211280 4232       1       com.mysql.cj.protocol.a.MultiPacketReader::readHeader (13 bytes)
Event: 4.605 Thread 0x0000017b0a5ee160 nmethod 4231 0x0000017b03e13e90 code [0x0000017b03e14020, 0x0000017b03e14148]
Event: 4.605 Thread 0x0000017b0a5ee160 4233       1       com.mysql.cj.protocol.a.TimeTrackingPacketReader::readHeader (5 bytes)
Event: 4.605 Thread 0x0000017b0f211280 nmethod 4232 0x0000017b03e14210 code [0x0000017b03e143a0, 0x0000017b03e144c8]
Event: 4.605 Thread 0x0000017b0f211280 4234       1       com.mysql.cj.protocol.a.TimeTrackingPacketReader::readHeader (13 bytes)
Event: 4.605 Thread 0x0000017b0a5ee160 nmethod 4233 0x0000017b03e14590 code [0x0000017b03e14720, 0x0000017b03e14848]
Event: 4.605 Thread 0x0000017b0a5ee160 4235       1       com.mysql.cj.protocol.a.MultiPacketReader::readMessage (10 bytes)
Event: 4.605 Thread 0x0000017b0f211280 nmethod 4234 0x0000017b03e14910 code [0x0000017b03e14aa0, 0x0000017b03e14bc8]
Event: 4.605 Thread 0x0000017b0f211280 4236       1       com.mysql.cj.protocol.a.MultiPacketReader::readMessage (154 bytes)
Event: 4.605 Thread 0x0000017b0a5ee160 nmethod 4235 0x0000017b03e14c90 code [0x0000017b03e14e20, 0x0000017b03e14f28]
Event: 4.605 Thread 0x0000017b0a5ee160 4237       1       com.mysql.cj.protocol.a.TimeTrackingPacketReader::readMessage (10 bytes)
Event: 4.605 Thread 0x0000017b0a5ee160 nmethod 4237 0x0000017b03e15010 code [0x0000017b03e151c0, 0x0000017b03e15348]
Event: 4.605 Thread 0x0000017b0a5ee160 4238       1       com.mysql.cj.protocol.a.TimeTrackingPacketReader::readMessage (24 bytes)
Event: 4.606 Thread 0x0000017b0a5ee160 nmethod 4238 0x0000017b03e15490 code [0x0000017b03e15620, 0x0000017b03e15768]
Event: 4.606 Thread 0x0000017b0f211280 nmethod 4236 0x0000017b03e15810 code [0x0000017b03e15a60, 0x0000017b03e160f8]
Event: 4.632 Thread 0x0000017b0f211280 4239       1       java.text.MessageFormat::subformat (542 bytes)

GC Heap History (20 events):
Event: 1.770 GC heap after
{Heap after GC invocations=3 (full 0):
 garbage-first heap   total 57344K, used 9243K [0x00000000c9e00000, 0x0000000100000000)
  region size 1024K, 3 young (3072K), 3 survivors (3072K)
 Metaspace       used 19848K, committed 20096K, reserved 1114112K
  class space    used 2306K, committed 2432K, reserved 1048576K
}
Event: 1.844 GC heap before
{Heap before GC invocations=3 (full 0):
 garbage-first heap   total 57344K, used 15387K [0x00000000c9e00000, 0x0000000100000000)
  region size 1024K, 10 young (10240K), 3 survivors (3072K)
 Metaspace       used 21214K, committed 21504K, reserved 1114112K
  class space    used 2500K, committed 2688K, reserved 1048576K
}
Event: 1.848 GC heap after
{Heap after GC invocations=4 (full 0):
 garbage-first heap   total 57344K, used 9506K [0x00000000c9e00000, 0x0000000100000000)
  region size 1024K, 2 young (2048K), 2 survivors (2048K)
 Metaspace       used 21214K, committed 21504K, reserved 1114112K
  class space    used 2500K, committed 2688K, reserved 1048576K
}
Event: 2.130 GC heap before
{Heap before GC invocations=5 (full 0):
 garbage-first heap   total 37888K, used 27938K [0x00000000c9e00000, 0x0000000100000000)
  region size 1024K, 22 young (22528K), 2 survivors (2048K)
 Metaspace       used 25392K, committed 25664K, reserved 1114112K
  class space    used 3130K, committed 3264K, reserved 1048576K
}
Event: 2.135 GC heap after
{Heap after GC invocations=6 (full 0):
 garbage-first heap   total 37888K, used 10742K [0x00000000c9e00000, 0x0000000100000000)
  region size 1024K, 3 young (3072K), 3 survivors (3072K)
 Metaspace       used 25392K, committed 25664K, reserved 1114112K
  class space    used 3130K, committed 3264K, reserved 1048576K
}
Event: 2.289 GC heap before
{Heap before GC invocations=6 (full 0):
 garbage-first heap   total 37888K, used 24054K [0x00000000c9e00000, 0x0000000100000000)
  region size 1024K, 17 young (17408K), 3 survivors (3072K)
 Metaspace       used 28466K, committed 28736K, reserved 1114112K
  class space    used 3467K, committed 3584K, reserved 1048576K
}
Event: 2.296 GC heap after
{Heap after GC invocations=7 (full 0):
 garbage-first heap   total 37888K, used 12382K [0x00000000c9e00000, 0x0000000100000000)
  region size 1024K, 3 young (3072K), 3 survivors (3072K)
 Metaspace       used 28466K, committed 28736K, reserved 1114112K
  class space    used 3467K, committed 3584K, reserved 1048576K
}
Event: 2.464 GC heap before
{Heap before GC invocations=7 (full 0):
 garbage-first heap   total 37888K, used 25694K [0x00000000c9e00000, 0x0000000100000000)
  region size 1024K, 16 young (16384K), 3 survivors (3072K)
 Metaspace       used 30075K, committed 30336K, reserved 1114112K
  class space    used 3712K, committed 3840K, reserved 1048576K
}
Event: 2.470 GC heap after
{Heap after GC invocations=8 (full 0):
 garbage-first heap   total 37888K, used 13163K [0x00000000c9e00000, 0x0000000100000000)
  region size 1024K, 1 young (1024K), 1 survivors (1024K)
 Metaspace       used 30075K, committed 30336K, reserved 1114112K
  class space    used 3712K, committed 3840K, reserved 1048576K
}
Event: 2.754 GC heap before
{Heap before GC invocations=8 (full 0):
 garbage-first heap   total 37888K, used 26475K [0x00000000c9e00000, 0x0000000100000000)
  region size 1024K, 14 young (14336K), 1 survivors (1024K)
 Metaspace       used 31383K, committed 31680K, reserved 1114112K
  class space    used 3907K, committed 4032K, reserved 1048576K
}
Event: 2.757 GC heap after
{Heap after GC invocations=9 (full 0):
 garbage-first heap   total 47104K, used 13904K [0x00000000c9e00000, 0x0000000100000000)
  region size 1024K, 2 young (2048K), 2 survivors (2048K)
 Metaspace       used 31383K, committed 31680K, reserved 1114112K
  class space    used 3907K, committed 4032K, reserved 1048576K
}
Event: 3.191 GC heap before
{Heap before GC invocations=9 (full 0):
 garbage-first heap   total 47104K, used 34384K [0x00000000c9e00000, 0x0000000100000000)
  region size 1024K, 22 young (22528K), 2 survivors (2048K)
 Metaspace       used 34251K, committed 34688K, reserved 1114112K
  class space    used 4358K, committed 4544K, reserved 1048576K
}
Event: 3.196 GC heap after
{Heap after GC invocations=10 (full 0):
 garbage-first heap   total 47104K, used 15584K [0x00000000c9e00000, 0x0000000100000000)
  region size 1024K, 3 young (3072K), 3 survivors (3072K)
 Metaspace       used 34251K, committed 34688K, reserved 1114112K
  class space    used 4358K, committed 4544K, reserved 1048576K
}
Event: 3.389 GC heap before
{Heap before GC invocations=10 (full 0):
 garbage-first heap   total 47104K, used 23776K [0x00000000c9e00000, 0x0000000100000000)
  region size 1024K, 13 young (13312K), 3 survivors (3072K)
 Metaspace       used 35856K, committed 36288K, reserved 1114112K
  class space    used 4629K, committed 4864K, reserved 1048576K
}
Event: 3.395 GC heap after
{Heap after GC invocations=11 (full 0):
 garbage-first heap   total 47104K, used 16568K [0x00000000c9e00000, 0x0000000100000000)
  region size 1024K, 2 young (2048K), 2 survivors (2048K)
 Metaspace       used 35856K, committed 36288K, reserved 1114112K
  class space    used 4629K, committed 4864K, reserved 1048576K
}
Event: 3.749 GC heap before
{Heap before GC invocations=12 (full 0):
 garbage-first heap   total 47104K, used 33976K [0x00000000c9e00000, 0x0000000100000000)
  region size 1024K, 20 young (20480K), 2 survivors (2048K)
 Metaspace       used 38480K, committed 38976K, reserved 1114112K
  class space    used 4970K, committed 5184K, reserved 1048576K
}
Event: 3.754 GC heap after
{Heap after GC invocations=13 (full 0):
 garbage-first heap   total 47104K, used 18338K [0x00000000c9e00000, 0x0000000100000000)
  region size 1024K, 3 young (3072K), 3 survivors (3072K)
 Metaspace       used 38480K, committed 38976K, reserved 1114112K
  class space    used 4970K, committed 5184K, reserved 1048576K
}
Event: 4.217 GC heap before
{Heap before GC invocations=13 (full 0):
 garbage-first heap   total 47104K, used 35746K [0x00000000c9e00000, 0x0000000100000000)
  region size 1024K, 20 young (20480K), 3 survivors (3072K)
 Metaspace       used 45486K, committed 45952K, reserved 1114112K
  class space    used 5806K, committed 6016K, reserved 1048576K
}
Event: 4.223 GC heap after
{Heap after GC invocations=14 (full 0):
 garbage-first heap   total 47104K, used 20254K [0x00000000c9e00000, 0x0000000100000000)
  region size 1024K, 2 young (2048K), 2 survivors (2048K)
 Metaspace       used 45486K, committed 45952K, reserved 1114112K
  class space    used 5806K, committed 6016K, reserved 1048576K
}
Event: 4.633 GC heap before
{Heap before GC invocations=14 (full 0):
 garbage-first heap   total 47104K, used 34590K [0x00000000c9e00000, 0x0000000100000000)
  region size 1024K, 17 young (17408K), 2 survivors (2048K)
 Metaspace       used 48139K, committed 48576K, reserved 1114112K
  class space    used 6168K, committed 6400K, reserved 1048576K
}

Dll operation events (8 events):
Event: 0.019 Loaded shared library C:\Users\LENOVO\Downloads\sts-4.19.1.RELEASE\plugins\org.eclipse.justj.openjdk.hotspot.jre.full.win32.x86_64_17.0.7.v20230425-1502\jre\bin\java.dll
Event: 0.354 Loaded shared library C:\Users\LENOVO\Downloads\sts-4.19.1.RELEASE\plugins\org.eclipse.justj.openjdk.hotspot.jre.full.win32.x86_64_17.0.7.v20230425-1502\jre\bin\jimage.dll
Event: 0.379 Loaded shared library C:\Users\LENOVO\Downloads\sts-4.19.1.RELEASE\plugins\org.eclipse.justj.openjdk.hotspot.jre.full.win32.x86_64_17.0.7.v20230425-1502\jre\bin\net.dll
Event: 0.383 Loaded shared library C:\Users\LENOVO\Downloads\sts-4.19.1.RELEASE\plugins\org.eclipse.justj.openjdk.hotspot.jre.full.win32.x86_64_17.0.7.v20230425-1502\jre\bin\nio.dll
Event: 0.390 Loaded shared library C:\Users\LENOVO\Downloads\sts-4.19.1.RELEASE\plugins\org.eclipse.justj.openjdk.hotspot.jre.full.win32.x86_64_17.0.7.v20230425-1502\jre\bin\zip.dll
Event: 0.473 Loaded shared library C:\Users\LENOVO\Downloads\sts-4.19.1.RELEASE\plugins\org.eclipse.justj.openjdk.hotspot.jre.full.win32.x86_64_17.0.7.v20230425-1502\jre\bin\management.dll
Event: 0.500 Loaded shared library C:\Users\LENOVO\Downloads\sts-4.19.1.RELEASE\plugins\org.eclipse.justj.openjdk.hotspot.jre.full.win32.x86_64_17.0.7.v20230425-1502\jre\bin\management_ext.dll
Event: 3.577 Loaded shared library C:\Users\LENOVO\Downloads\sts-4.19.1.RELEASE\plugins\org.eclipse.justj.openjdk.hotspot.jre.full.win32.x86_64_17.0.7.v20230425-1502\jre\bin\sunmscapi.dll

Deoptimization events (4 events):
Event: 1.906 Thread 0x0000017b0f75ba30 DEOPT PACKING pc=0x0000017b03a67599 sp=0x0000000e01ffcba0
Event: 1.906 Thread 0x0000017b0f75ba30 DEOPT UNPACKING pc=0x0000017b03647143 sp=0x0000000e01ffc080 mode 3
Event: 3.817 Thread 0x0000017b0f75ba30 DEOPT PACKING pc=0x0000017b03cd957d sp=0x0000000e01ff8130
Event: 3.817 Thread 0x0000017b0f75ba30 DEOPT UNPACKING pc=0x0000017b03647143 sp=0x0000000e01ff7698 mode 3

Classes unloaded (0 events):
No events

Classes redefined (0 events):
No events

Internal exceptions (20 events):
Event: 3.382 Thread 0x0000017b0f75ba30 Exception <a 'java/lang/NoSuchMethodError'{0x00000000cc3b7a30}: 'void java.lang.invoke.DirectMethodHandle$Holder.invokeStatic(java.lang.Object, int, java.lang.Object)'> (0x00000000cc3b7a30) 
thrown [s\src\hotspot\share\interpreter\linkResolver.cpp, line 759]
Event: 3.386 Thread 0x0000017b0f75ba30 Exception <a 'java/lang/NoSuchMethodError'{0x00000000cc3f4308}: 'void java.lang.invoke.DirectMethodHandle$Holder.invokeVirtual(java.lang.Object, java.lang.Object, int)'> (0x00000000cc3f4308) 
thrown [s\src\hotspot\share\interpreter\linkResolver.cpp, line 759]
Event: 3.386 Thread 0x0000017b0f75ba30 Exception <a 'java/lang/NoSuchMethodError'{0x00000000cc3fa550}: 'void java.lang.invoke.DirectMethodHandle$Holder.invokeStatic(java.lang.Object, java.lang.Object, java.lang.Object, int, java.lang.Object)'> (0x00000000cc3fa550) 
thrown [s\src\hotspot\share\interpreter\linkResolver.cpp, line 759]
Event: 3.386 Thread 0x0000017b0f75ba30 Exception <a 'java/lang/NoSuchMethodError'{0x00000000cc201ea0}: 'java.lang.Object java.lang.invoke.DirectMethodHandle$Holder.newInvokeSpecial(java.lang.Object, java.lang.Object, java.lang.Object, int)'> (0x00000000cc201ea0) 
thrown [s\src\hotspot\share\interpreter\linkResolver.cpp, line 759]
Event: 3.387 Thread 0x0000017b0f75ba30 Exception <a 'java/lang/NoSuchMethodError'{0x00000000cc206188}: 'java.lang.Object java.lang.invoke.DirectMethodHandle$Holder.invokeSpecial(java.lang.Object, java.lang.Object, java.lang.Object, java.lang.Object, int)'> (0x00000000cc206188) 
thrown [s\src\hotspot\share\interpreter\linkResolver.cpp, line 759]
Event: 3.387 Thread 0x0000017b0f75ba30 Exception <a 'java/lang/NoSuchMethodError'{0x00000000cc209d50}: 'java.lang.Object java.lang.invoke.Invokers$Holder.linkToTargetMethod(java.lang.Object, java.lang.Object, int, java.lang.Object)'> (0x00000000cc209d50) 
thrown [s\src\hotspot\share\interpreter\linkResolver.cpp, line 759]
Event: 3.621 Thread 0x0000017b0f75ba30 Exception <a 'sun/nio/fs/WindowsException'{0x00000000cbd85060}> (0x00000000cbd85060) 
thrown [s\src\hotspot\share\prims\jni.cpp, line 516]
Event: 3.622 Thread 0x0000017b0f75ba30 Exception <a 'sun/nio/fs/WindowsException'{0x00000000cbd8aaf0}> (0x00000000cbd8aaf0) 
thrown [s\src\hotspot\share\prims\jni.cpp, line 516]
Event: 3.622 Thread 0x0000017b0f75ba30 Exception <a 'sun/nio/fs/WindowsException'{0x00000000cbd8b1d0}> (0x00000000cbd8b1d0) 
thrown [s\src\hotspot\share\prims\jni.cpp, line 516]
Event: 3.648 Thread 0x0000017b0f75ba30 Exception <a 'java/lang/NoSuchMethodError'{0x00000000cbc96cf0}: 'java.lang.Object java.lang.invoke.DirectMethodHandle$Holder.invokeSpecial(java.lang.Object, java.lang.Object, long, java.lang.Object, java.lang.Object, java.lang.Object, java.lang.Object, java.lang.Object, java.lang.Object)'> (0x00000000cbc96cf0) 
thrown [s\src\hotspot\share\interpreter\linkResolver.cpp, line 759]
Event: 3.648 Thread 0x0000017b0f75ba30 Exception <a 'java/lang/NoSuchMethodError'{0x00000000cbc9b818}: 'java.lang.Object java.lang.invoke.DelegatingMethodHandle$Holder.reinvoke_L(java.lang.Object, long, java.lang.Object, java.lang.Object, java.lang.Object, java.lang.Object, java.lang.Object, java.lang.Object)'> (0x00000000cbc9b818) 
thrown [s\src\hotspot\share\interpreter\linkResolver.cpp, line 759]
Event: 3.709 Thread 0x0000017b0f75ba30 Exception <a 'java/io/FileNotFoundException'{0x00000000cbab4c18}> (0x00000000cbab4c18) 
thrown [s\src\hotspot\share\prims\jni.cpp, line 516]
Event: 3.731 Thread 0x0000017b0f75ba30 Exception <a 'java/lang/NoSuchMethodError'{0x00000000cb80ce58}: 'int java.lang.invoke.DirectMethodHandle$Holder.invokeInterface(java.lang.Object, java.lang.Object, java.lang.Object, java.lang.Object)'> (0x00000000cb80ce58) 
thrown [s\src\hotspot\share\interpreter\linkResolver.cpp, line 759]
Event: 3.735 Thread 0x0000017b0a942c30 Exception <a 'java/lang/reflect/InvocationTargetException'{0x00000000cb84d398}> (0x00000000cb84d398) 
thrown [s\src\hotspot\share\runtime\reflection.cpp, line 1121]
Event: 3.981 Thread 0x0000017b0f75ba30 Exception <a 'sun/nio/fs/WindowsException'{0x00000000cc0543d0}> (0x00000000cc0543d0) 
thrown [s\src\hotspot\share\prims\jni.cpp, line 516]
Event: 3.990 Thread 0x0000017b0f75ba30 Exception <a 'java/lang/NoSuchMethodError'{0x00000000cc076500}: 'int java.lang.invoke.DirectMethodHandle$Holder.invokeStaticInit(java.lang.Object, java.lang.Object, java.lang.Object, java.lang.Object)'> (0x00000000cc076500) 
thrown [s\src\hotspot\share\interpreter\linkResolver.cpp, line 759]
Event: 4.183 Thread 0x0000017b0f75ba30 Exception <a 'java/lang/NoSuchMethodError'{0x00000000cbc74cb8}: 'java.lang.Object java.lang.invoke.DirectMethodHandle$Holder.invokeStaticInit(java.lang.Object, java.lang.Object, java.lang.Object, java.lang.Object)'> (0x00000000cbc74cb8) 
thrown [s\src\hotspot\share\interpreter\linkResolver.cpp, line 759]
Event: 4.237 Thread 0x0000017b0a942c30 Exception <a 'java/lang/reflect/InvocationTargetException'{0x00000000cd5e27b0}> (0x00000000cd5e27b0) 
thrown [s\src\hotspot\share\runtime\reflection.cpp, line 1121]
Event: 4.241 Thread 0x0000017b0f75ba30 Exception <a 'java/lang/NoSuchMethodError'{0x00000000cd5afa78}: 'long java.lang.invoke.DirectMethodHandle$Holder.invokeVirtual(java.lang.Object, java.lang.Object)'> (0x00000000cd5afa78) 
thrown [s\src\hotspot\share\interpreter\linkResolver.cpp, line 759]
Event: 4.249 Thread 0x0000017b0f75ba30 Exception <a 'java/io/FileNotFoundException'{0x00000000cd5e9d98}> (0x00000000cd5e9d98) 
thrown [s\src\hotspot\share\prims\jni.cpp, line 516]

VM Operations (20 events):
Event: 3.666 Executing VM operation: HandshakeAllThreads done
Event: 3.749 Executing VM operation: G1CollectForAllocation
Event: 3.754 Executing VM operation: G1CollectForAllocation done
Event: 3.768 Executing VM operation: HandshakeAllThreads
Event: 3.768 Executing VM operation: HandshakeAllThreads done
Event: 3.982 Executing VM operation: HandshakeAllThreads
Event: 3.982 Executing VM operation: HandshakeAllThreads done
Event: 3.986 Executing VM operation: HandshakeAllThreads
Event: 3.986 Executing VM operation: HandshakeAllThreads done
Event: 4.116 Executing VM operation: HandshakeAllThreads
Event: 4.116 Executing VM operation: HandshakeAllThreads done
Event: 4.201 Executing VM operation: HandshakeAllThreads
Event: 4.201 Executing VM operation: HandshakeAllThreads done
Event: 4.201 Executing VM operation: HandshakeAllThreads
Event: 4.202 Executing VM operation: HandshakeAllThreads done
Event: 4.217 Executing VM operation: G1CollectForAllocation
Event: 4.223 Executing VM operation: G1CollectForAllocation done
Event: 4.253 Executing VM operation: HandshakeAllThreads
Event: 4.253 Executing VM operation: HandshakeAllThreads done
Event: 4.633 Executing VM operation: G1CollectForAllocation

Events (20 events):
Event: 4.269 loading class java/util/concurrent/ForkJoinPool$DefaultForkJoinWorkerThreadFactory
Event: 4.269 loading class java/util/concurrent/ForkJoinPool$ForkJoinWorkerThreadFactory
Event: 4.269 loading class java/util/concurrent/ForkJoinPool$ForkJoinWorkerThreadFactory done
Event: 4.269 loading class java/util/concurrent/ForkJoinPool$DefaultForkJoinWorkerThreadFactory done
Event: 4.269 loading class java/util/concurrent/ForkJoinPool$1
Event: 4.270 loading class java/util/concurrent/ForkJoinPool$1 done
Event: 4.270 loading class java/util/concurrent/ForkJoinPool$DefaultCommonPoolForkJoinWorkerThreadFactory
Event: 4.270 loading class java/util/concurrent/ForkJoinPool$DefaultCommonPoolForkJoinWorkerThreadFactory done
Event: 4.271 loading class java/util/concurrent/ForkJoinPool$WorkQueue
Event: 4.271 loading class java/util/concurrent/ForkJoinPool$WorkQueue done
Event: 4.271 loading class java/util/concurrent/ForkJoinWorkerThread
Event: 4.271 loading class java/util/concurrent/ForkJoinWorkerThread done
Event: 4.272 Thread 0x0000017b0f758540 Thread added: 0x0000017b0f758540
Event: 4.286 Thread 0x0000017b0f758a10 Thread added: 0x0000017b0f758a10
Event: 4.331 loading class javax/naming/Referenceable
Event: 4.331 loading class javax/naming/Referenceable done
Event: 4.362 loading class java/lang/instrument/ClassFileTransformer
Event: 4.362 loading class java/lang/instrument/ClassFileTransformer done
Event: 4.481 loading class java/util/ImmutableCollections$Map1
Event: 4.481 loading class java/util/ImmutableCollections$Map1 done


Dynamic libraries:
0x00007ff6360d0000 - 0x00007ff6360de000 	C:\Users\LENOVO\Downloads\sts-4.19.1.RELEASE\plugins\org.eclipse.justj.openjdk.hotspot.jre.full.win32.x86_64_17.0.7.v20230425-1502\jre\bin\javaw.exe
0x00007fffe0e70000 - 0x00007fffe1068000 	C:\Windows\SYSTEM32\ntdll.dll
0x00007fffdf6d0000 - 0x00007fffdf78d000 	C:\Windows\System32\KERNEL32.DLL
0x00007fffde890000 - 0x00007fffdeb86000 	C:\Windows\System32\KERNELBASE.dll
0x00007fffdeb90000 - 0x00007fffdec90000 	C:\Windows\System32\ucrtbase.dll
0x00007fffbbb90000 - 0x00007fffbbba9000 	C:\Users\LENOVO\Downloads\sts-4.19.1.RELEASE\plugins\org.eclipse.justj.openjdk.hotspot.jre.full.win32.x86_64_17.0.7.v20230425-1502\jre\bin\VCRUNTIME140.dll
0x00007fffbbcf0000 - 0x00007fffbbd07000 	C:\Users\LENOVO\Downloads\sts-4.19.1.RELEASE\plugins\org.eclipse.justj.openjdk.hotspot.jre.full.win32.x86_64_17.0.7.v20230425-1502\jre\bin\jli.dll
0x00007fffe0850000 - 0x00007fffe09ee000 	C:\Windows\System32\USER32.dll
0x00007fffcf360000 - 0x00007fffcf5fa000 	C:\Windows\WinSxS\amd64_microsoft.windows.common-controls_6595b64144ccf1df_6.0.19041.1110_none_60b5254171f9507e\COMCTL32.dll
0x00007fffdf1c0000 - 0x00007fffdf25e000 	C:\Windows\System32\msvcrt.dll
0x00007fffdec90000 - 0x00007fffdecb2000 	C:\Windows\System32\win32u.dll
0x00007fffdf190000 - 0x00007fffdf1bc000 	C:\Windows\System32\GDI32.dll
0x00007fffde5e0000 - 0x00007fffde6fa000 	C:\Windows\System32\gdi32full.dll
0x00007fffdede0000 - 0x00007fffdee7d000 	C:\Windows\System32\msvcp_win.dll
0x00007fffdf6a0000 - 0x00007fffdf6d0000 	C:\Windows\System32\IMM32.DLL
0x00007fffca840000 - 0x00007fffca84c000 	C:\Users\LENOVO\Downloads\sts-4.19.1.RELEASE\plugins\org.eclipse.justj.openjdk.hotspot.jre.full.win32.x86_64_17.0.7.v20230425-1502\jre\bin\vcruntime140_1.dll
0x00007fffb8db0000 - 0x00007fffb8e41000 	C:\Users\LENOVO\Downloads\sts-4.19.1.RELEASE\plugins\org.eclipse.justj.openjdk.hotspot.jre.full.win32.x86_64_17.0.7.v20230425-1502\jre\bin\msvcp140.dll
0x00007fffa8880000 - 0x00007fffa94c8000 	C:\Users\LENOVO\Downloads\sts-4.19.1.RELEASE\plugins\org.eclipse.justj.openjdk.hotspot.jre.full.win32.x86_64_17.0.7.v20230425-1502\jre\bin\server\jvm.dll
0x00007fffdefb0000 - 0x00007fffdf05e000 	C:\Windows\System32\ADVAPI32.dll
0x00007fffe03e0000 - 0x00007fffe047c000 	C:\Windows\System32\sechost.dll
0x00007fffe06b0000 - 0x00007fffe07d6000 	C:\Windows\System32\RPCRT4.dll
0x00007fffd5430000 - 0x00007fffd5457000 	C:\Windows\SYSTEM32\WINMM.dll
0x00007fffd0830000 - 0x00007fffd0839000 	C:\Windows\SYSTEM32\WSOCK32.dll
0x00007fffd5420000 - 0x00007fffd542a000 	C:\Windows\SYSTEM32\VERSION.dll
0x00007fffe0640000 - 0x00007fffe06ab000 	C:\Windows\System32\ws2_32.DLL
0x00007fffdc3e0000 - 0x00007fffdc3f2000 	C:\Windows\SYSTEM32\kernel.appcore.dll
0x00007fffce820000 - 0x00007fffce82a000 	C:\Users\LENOVO\Downloads\sts-4.19.1.RELEASE\plugins\org.eclipse.justj.openjdk.hotspot.jre.full.win32.x86_64_17.0.7.v20230425-1502\jre\bin\jimage.dll
0x00007fffcc040000 - 0x00007fffcc224000 	C:\Windows\SYSTEM32\DBGHELP.DLL
0x00007fffcbec0000 - 0x00007fffcbef4000 	C:\Windows\SYSTEM32\dbgcore.DLL
0x00007fffde550000 - 0x00007fffde5d2000 	C:\Windows\System32\bcryptPrimitives.dll
0x00007fffbd9a0000 - 0x00007fffbd9c5000 	C:\Users\LENOVO\Downloads\sts-4.19.1.RELEASE\plugins\org.eclipse.justj.openjdk.hotspot.jre.full.win32.x86_64_17.0.7.v20230425-1502\jre\bin\java.dll
0x00007fffce3c0000 - 0x00007fffce3d8000 	C:\Users\LENOVO\Downloads\sts-4.19.1.RELEASE\plugins\org.eclipse.justj.openjdk.hotspot.jre.full.win32.x86_64_17.0.7.v20230425-1502\jre\bin\zip.dll
0x00007fffdfc90000 - 0x00007fffe03d5000 	C:\Windows\System32\SHELL32.dll
0x00007fffdc5e0000 - 0x00007fffdcd7b000 	C:\Windows\SYSTEM32\windows.storage.dll
0x00007fffe09f0000 - 0x00007fffe0d44000 	C:\Windows\System32\combase.dll
0x00007fffddec0000 - 0x00007fffddeee000 	C:\Windows\SYSTEM32\Wldp.dll
0x00007fffdf260000 - 0x00007fffdf30d000 	C:\Windows\System32\SHCORE.dll
0x00007fffe0d50000 - 0x00007fffe0da5000 	C:\Windows\System32\shlwapi.dll
0x00007fffde480000 - 0x00007fffde4a5000 	C:\Windows\SYSTEM32\profapi.dll
0x00007fffbf320000 - 0x00007fffbf339000 	C:\Users\LENOVO\Downloads\sts-4.19.1.RELEASE\plugins\org.eclipse.justj.openjdk.hotspot.jre.full.win32.x86_64_17.0.7.v20230425-1502\jre\bin\net.dll
0x00007fffd5040000 - 0x00007fffd514a000 	C:\Windows\SYSTEM32\WINHTTP.dll
0x00007fffddc20000 - 0x00007fffddc8a000 	C:\Windows\system32\mswsock.dll
0x00007fffbe7a0000 - 0x00007fffbe7b5000 	C:\Users\LENOVO\Downloads\sts-4.19.1.RELEASE\plugins\org.eclipse.justj.openjdk.hotspot.jre.full.win32.x86_64_17.0.7.v20230425-1502\jre\bin\nio.dll
0x00007fffd89e0000 - 0x00007fffd89e9000 	C:\Users\LENOVO\Downloads\sts-4.19.1.RELEASE\plugins\org.eclipse.justj.openjdk.hotspot.jre.full.win32.x86_64_17.0.7.v20230425-1502\jre\bin\management.dll
0x00007fffd8040000 - 0x00007fffd804b000 	C:\Users\LENOVO\Downloads\sts-4.19.1.RELEASE\plugins\org.eclipse.justj.openjdk.hotspot.jre.full.win32.x86_64_17.0.7.v20230425-1502\jre\bin\management_ext.dll
0x00007fffe0840000 - 0x00007fffe0848000 	C:\Windows\System32\PSAPI.DLL
0x00007fffc5280000 - 0x00007fffc5297000 	C:\Windows\system32\napinsp.dll
0x00007fffc5260000 - 0x00007fffc527b000 	C:\Windows\system32\pnrpnsp.dll
0x00007fffc5240000 - 0x00007fffc5255000 	C:\Windows\system32\wshbth.dll
0x00007fffd9e90000 - 0x00007fffd9ead000 	C:\Windows\system32\NLAapi.dll
0x00007fffdd910000 - 0x00007fffdd94b000 	C:\Windows\SYSTEM32\IPHLPAPI.DLL
0x00007fffdd950000 - 0x00007fffdda1a000 	C:\Windows\SYSTEM32\DNSAPI.dll
0x00007fffe0630000 - 0x00007fffe0638000 	C:\Windows\System32\NSI.dll
0x00007fffc5220000 - 0x00007fffc5232000 	C:\Windows\System32\winrnr.dll
0x00007fffd33b0000 - 0x00007fffd33ba000 	C:\Windows\System32\rasadhlp.dll
0x00007fffcf6a0000 - 0x00007fffcf722000 	C:\Windows\System32\fwpuclnt.dll
0x00007fffde700000 - 0x00007fffde727000 	C:\Windows\System32\bcrypt.dll
0x00007fffdde20000 - 0x00007fffdde38000 	C:\Windows\SYSTEM32\CRYPTSP.dll
0x00007fffdd530000 - 0x00007fffdd564000 	C:\Windows\system32\rsaenh.dll
0x00007fffde440000 - 0x00007fffde46e000 	C:\Windows\SYSTEM32\USERENV.dll
0x00007fffdde10000 - 0x00007fffdde1c000 	C:\Windows\SYSTEM32\CRYPTBASE.dll
0x00007fffd33c0000 - 0x00007fffd33d7000 	C:\Windows\SYSTEM32\dhcpcsvc6.DLL
0x00007fffd3290000 - 0x00007fffd32ad000 	C:\Windows\SYSTEM32\dhcpcsvc.DLL
0x00007fffd1290000 - 0x00007fffd129e000 	C:\Users\LENOVO\Downloads\sts-4.19.1.RELEASE\plugins\org.eclipse.justj.openjdk.hotspot.jre.full.win32.x86_64_17.0.7.v20230425-1502\jre\bin\sunmscapi.dll
0x00007fffde730000 - 0x00007fffde88e000 	C:\Windows\System32\CRYPT32.dll
0x00007fffddf30000 - 0x00007fffddf58000 	C:\Windows\SYSTEM32\ncrypt.dll
0x00007fffddef0000 - 0x00007fffddf2b000 	C:\Windows\SYSTEM32\NTASN1.dll

dbghelp: loaded successfully - version: 4.0.5 - missing functions: none
symbol engine: initialized successfully - sym options: 0x614 - pdb path: .;C:\Users\LENOVO\Downloads\sts-4.19.1.RELEASE\plugins\org.eclipse.justj.openjdk.hotspot.jre.full.win32.x86_64_17.0.7.v20230425-1502\jre\bin;C:\Windows\SYSTEM32;C:\Windows\WinSxS\amd64_microsoft.windows.common-controls_6595b64144ccf1df_6.0.19041.1110_none_60b5254171f9507e;C:\Users\LENOVO\Downloads\sts-4.19.1.RELEASE\plugins\org.eclipse.justj.openjdk.hotspot.jre.full.win32.x86_64_17.0.7.v20230425-1502\jre\bin\server

VM Arguments:
jvm_args: -Dcom.sun.management.jmxremote -Dcom.sun.management.jmxremote.port=61729 -Dcom.sun.management.jmxremote.authenticate=false -Dcom.sun.management.jmxremote.ssl=false -Djava.rmi.server.hostname=localhost -Dspring.jmx.enabled=true -Dmanagement.endpoints.jmx.exposure.include=* -Dspring.application.admin.enabled=true -XX:TieredStopAtLevel=1 -Dspring.boot.project.name=ThoughtFlow -Dfile.encoding=UTF-8 -XX:+ShowCodeDetailsInExceptionMessages 
java_command: com.flow.ThoughtFlowApplication --spring.output.ansi.enabled=always
java_class_path (initial): C:\Users\LENOVO\Projects\Project\ThoughtFlow\target\classes;C:\Users\LENOVO\.m2\repository\org\springframework\boot\spring-boot-starter-data-jpa\3.1.1\spring-boot-starter-data-jpa-3.1.1.jar;C:\Users\LENOVO\.m2\repository\org\springframework\boot\spring-boot-starter-aop\3.1.1\spring-boot-starter-aop-3.1.1.jar;C:\Users\LENOVO\.m2\repository\org\springframework\spring-aop\6.0.10\spring-aop-6.0.10.jar;C:\Users\LENOVO\.m2\repository\org\aspectj\aspectjweaver\1.9.19\aspectjweaver-1.9.19.jar;C:\Users\LENOVO\.m2\repository\org\springframework\boot\spring-boot-starter-jdbc\3.1.1\spring-boot-starter-jdbc-3.1.1.jar;C:\Users\LENOVO\.m2\repository\com\zaxxer\HikariCP\5.0.1\HikariCP-5.0.1.jar;C:\Users\LENOVO\.m2\repository\org\springframework\spring-jdbc\6.0.10\spring-jdbc-6.0.10.jar;C:\Users\LENOVO\.m2\repository\org\hibernate\orm\hibernate-core\6.2.5.Final\hibernate-core-6.2.5.Final.jar;C:\Users\LENOVO\.m2\repository\jakarta\persistence\jakarta.persistence-api\3.1.0\jakarta.persistence-api-3.1.0.jar;C:\Users\LENOVO\.m2\repository\jakarta\transaction\jakarta.transaction-api\2.0.1\jakarta.transaction-api-2.0.1.jar;C:\Users\LENOVO\.m2\repository\org\jboss\logging\jboss-logging\3.5.1.Final\jboss-logging-3.5.1.Final.jar;C:\Users\LENOVO\.m2\repository\org\hibernate\common\hibernate-commons-annotations\6.0.6.Final\hibernate-commons-annotations-6.0.6.Final.jar;C:\Users\LENOVO\.m2\repository\io\smallrye\jandex\3.0.5\jandex-3.0.5.jar;C:\Users\LENOVO\.m2\repository\com\fasterxml\classmate\1.5.1\classmate-1.5.1.jar;C:\Users\LENOVO\.m2\repository\net\bytebuddy\byte-buddy\1.14.5\byte-buddy-1.14.5.jar;C:\Users\LENOVO\.m2\repository\org\glassfish\jaxb\jaxb-runtime\4.0.3\jaxb-runtime-4.0.3.jar;C:\Users\LENOVO\.m2\repository\org\glassfish\jaxb\jaxb-core\4.0.3\jaxb-core-4.0.3.jar;C:\Users\LENOVO\.m2\repository\org\eclipse\angus\angus-activation\2.0.1\angus-activation-2.0.1.jar;C:\Users\LENOVO\.m2\repository\org\glassfish\jaxb\txw2\4.0.3\txw2-4.0.3.jar;C:\Users\LENOVO\
Launcher Type: SUN_STANDARD

[Global flags]
     intx CICompilerCount                          = 3                                         {product} {ergonomic}
     uint ConcGCThreads                            = 1                                         {product} {ergonomic}
     uint G1ConcRefinementThreads                  = 4                                         {product} {ergonomic}
   size_t G1HeapRegionSize                         = 1048576                                   {product} {ergonomic}
    uintx GCDrainStackTargetSize                   = 64                                        {product} {ergonomic}
   size_t InitialHeapSize                          = 58720256                                  {product} {ergonomic}
     bool ManagementServer                         = true                                      {product} {command line}
   size_t MarkStackSize                            = 4194304                                   {product} {ergonomic}
   size_t MaxHeapSize                              = 908066816                                 {product} {ergonomic}
   size_t MaxNewSize                               = 544210944                                 {product} {ergonomic}
   size_t MinHeapDeltaBytes                        = 1048576                                   {product} {ergonomic}
   size_t MinHeapSize                              = 8388608                                   {product} {ergonomic}
    uintx NonProfiledCodeHeapSize                  = 0                                      {pd product} {ergonomic}
     bool ProfileInterpreter                       = false                                  {pd product} {command line}
    uintx ProfiledCodeHeapSize                     = 0                                      {pd product} {ergonomic}
     bool ShowCodeDetailsInExceptionMessages       = true                                   {manageable} {command line}
   size_t SoftMaxHeapSize                          = 908066816                              {manageable} {ergonomic}
     intx TieredStopAtLevel                        = 1                                         {product} {command line}
     bool UseCompressedClassPointers               = true                           {product lp64_product} {ergonomic}
     bool UseCompressedOops                        = true                           {product lp64_product} {ergonomic}
     bool UseG1GC                                  = true                                      {product} {ergonomic}
     bool UseLargePagesIndividualAllocation        = false                                  {pd product} {ergonomic}

Logging:
Log output configuration:
 #0: stdout all=warning uptime,level,tags
 #1: stderr all=off uptime,level,tags

Environment Variables:
PATH=C:/Users/LENOVO/Downloads/sts-4.19.1.RELEASE//plugins/org.eclipse.justj.openjdk.hotspot.jre.full.win32.x86_64_17.0.7.v20230425-1502/jre/bin/server;C:/Users/LENOVO/Downloads/sts-4.19.1.RELEASE//plugins/org.eclipse.justj.openjdk.hotspot.jre.full.win32.x86_64_17.0.7.v20230425-1502/jre/bin;C:\Program Files\Common Files\Oracle\Java\javapath;C:\Python310\Scripts\;C:\Python310\;C:\Windows\system32;C:\Windows;C:\Windows\System32\Wbem;C:\Windows\System32\WindowsPowerShell\v1.0\;C:\Windows\System32\OpenSSH\;C:\Program Files\Git\cmd;C:\ProgramData\chocolatey\bin;C:\Users\LENOVO\AppData\Roaming\nvm;C:\Program Files\nodejs;C:\Program Files\MySQL\MySQL Server 8.0\bin;C:\apache-maven-3.9.2\bin;C:\Program Files\MySQL\MySQL Shell 8.0\bin\;C:\Users\LENOVO\AppData\Local\Microsoft\WindowsApps;C:\Users\LENOVO\AppData\Local\Programs\Microsoft VS Code\bin;C:\Users\LENOVO\AppData\Local\Programs\Hyper\resources\bin;C:\Users\LENOVO\AppData\Roaming\npm;C:\Users\LENOVO\AppData\Roaming\nvm;C:\Program Files\nodejs;C:\Users\LENOVO\Downloads\sts-4.19.1.RELEASE;
USERNAME=LENOVO
OS=Windows_NT
PROCESSOR_IDENTIFIER=AMD64 Family 23 Model 24 Stepping 1, AuthenticAMD
TMP=C:\Users\LENOVO\AppData\Local\Temp
TEMP=C:\Users\LENOVO\AppData\Local\Temp



---------------  S Y S T E M  ---------------

OS:
 Windows 10 , 64 bit Build 19041 (10.0.19041.3393)
OS uptime: 7 days 4:40 hours

CPU: total 4 (initial active 4) (4 cores per cpu, 2 threads per core) family 23 model 24 stepping 1 microcode 0x0, cx8, cmov, fxsr, ht, mmx, 3dnowpref, sse, sse2, sse3, ssse3, sse4a, sse4.1, sse4.2, popcnt, lzcnt, tsc, tscinvbit, avx, avx2, aes, clmul, bmi1, bmi2, adx, sha, fma, vzeroupper, clflush, clflushopt

Memory: 4k page, system-wide physical 3459M (185M free)
TotalPageFile size 14211M (AvailPageFile size 7M)
current process WorkingSet (physical memory assigned to process): 156M, peak: 156M
current process commit charge ("private bytes"): 181M, peak: 185M

vm_info: OpenJDK 64-Bit Server VM (17.0.7+7) for windows-amd64 JRE (17.0.7+7), built on Apr 18 2023 22:10:42 by "temurin" with MS VC++ 16.7 (VS2019)

END.
