#
# There is insufficient memory for the Java Runtime Environment to continue.
# Native memory allocation (mmap) failed to map 3145728 bytes for G1 virtual space
# Possible reasons:
#   The system is out of physical RAM or swap space
#   The process is running with CompressedOops enabled, and the Java Heap may be blocking the growth of the native heap
# Possible solutions:
#   Reduce memory load on the system
#   Increase physical memory or swap space
#   Check if swap backing store is full
#   Decrease Java heap size (-Xmx/-Xms)
#   Decrease number of Java threads
#   Decrease Java thread stack sizes (-Xss)
#   Set larger code cache with -XX:ReservedCodeCacheSize=
#   JVM is running with Unscaled Compressed Oops mode in which the Java heap is
#     placed in the first 4GB address space. The Java Heap base address is the
#     maximum limit for the native heap growth. Please use -XX:HeapBaseMinAddress
#     to set the Java Heap base and to place the Java Heap above 4GB virtual address.
# This output file may be truncated or incomplete.
#
#  Out of Memory Error (os_windows.cpp:3559), pid=1580, tid=1512
#
# JRE version: OpenJDK Runtime Environment Temurin-17.0.7+7 (17.0.7+7) (build 17.0.7+7)
# Java VM: OpenJDK 64-Bit Server VM Temurin-17.0.7+7 (17.0.7+7, mixed mode, emulated-client, tiered, compressed oops, compressed class ptrs, g1 gc, windows-amd64)
# No core dump will be written. Minidumps are not enabled by default on client versions of Windows
#

---------------  S U M M A R Y ------------

Command Line: -Dcom.sun.management.jmxremote -Dcom.sun.management.jmxremote.port=61682 -Dcom.sun.management.jmxremote.authenticate=false -Dcom.sun.management.jmxremote.ssl=false -Djava.rmi.server.hostname=localhost -Dspring.jmx.enabled=true -Dmanagement.endpoints.jmx.exposure.include=* -Dspring.application.admin.enabled=true -XX:TieredStopAtLevel=1 -Dspring.boot.project.name=ThoughtFlow -Dfile.encoding=UTF-8 -XX:+ShowCodeDetailsInExceptionMessages com.flow.ThoughtFlowApplication --spring.output.ansi.enabled=always

Host: AMD Ryzen 3 3200U with Radeon Vega Mobile Gfx  , 4 cores, 3G,  Windows 10 , 64 bit Build 19041 (10.0.19041.3393)
Time: Thu Sep 21 15:38:10 2023 India Standard Time elapsed time: 8.916131 seconds (0d 0h 0m 8s)

---------------  T H R E A D  ---------------

Current thread (0x0000025e583089e0):  VMThread "VM Thread" [stack: 0x000000fbb1c00000,0x000000fbb1d00000] [id=1512]

Stack: [0x000000fbb1c00000,0x000000fbb1d00000]
Native frames: (J=compiled Java code, j=interpreted, Vv=VM code, C=native code)
V  [jvm.dll+0x67754a]
V  [jvm.dll+0x834304]
V  [jvm.dll+0x835aae]
V  [jvm.dll+0x836113]
V  [jvm.dll+0x24696f]
V  [jvm.dll+0x6743f9]
V  [jvm.dll+0x668c8a]
V  [jvm.dll+0x3061bb]
V  [jvm.dll+0x30d6a6]
V  [jvm.dll+0x35cece]
V  [jvm.dll+0x35d0ff]
V  [jvm.dll+0x2dd048]
V  [jvm.dll+0x2db20c]
V  [jvm.dll+0x2da7dc]
V  [jvm.dll+0x31e6db]
V  [jvm.dll+0x83a5bb]
V  [jvm.dll+0x83b2f4]
V  [jvm.dll+0x83b80c]
V  [jvm.dll+0x83bbe4]
V  [jvm.dll+0x83bcb0]
V  [jvm.dll+0x7e4e7a]
V  [jvm.dll+0x676395]
C  [ucrtbase.dll+0x21bb2]
C  [KERNEL32.DLL+0x17344]
C  [ntdll.dll+0x526b1]

VM_Operation (0x000000fbb35f62e0): G1CollectForAllocation, mode: safepoint, requested by thread 0x0000025e5d77d540


---------------  P R O C E S S  ---------------

Threads class SMR info:
_java_thread_list=0x0000025e5df64ce0, length=27, elements={
0x0000025e4d91a190, 0x0000025e58331680, 0x0000025e58332400, 0x0000025e58354290,
0x0000025e58356f20, 0x0000025e583587f0, 0x0000025e583590b0, 0x0000025e58359a20,
0x0000025e5838e5f0, 0x0000025e583ae990, 0x0000025e5860ae00, 0x0000025e5d28ad50,
0x0000025e5d3f0ec0, 0x0000025e5d3f5ab0, 0x0000025e5d3ffc40, 0x0000025e5d4ef850,
0x0000025e5d4ce820, 0x0000025e5d6a7d20, 0x0000025e5d6b29c0, 0x0000025e5d77fbc0,
0x0000025e5d77d540, 0x0000025e5d77e880, 0x0000025e5d780090, 0x0000025e5d77f6f0,
0x0000025e5d780560, 0x0000025e5d780a30, 0x0000025e5d77d070
}

Java Threads: ( => current thread )
  0x0000025e4d91a190 JavaThread "main" [_thread_blocked, id=9996, stack(0x000000fbb1600000,0x000000fbb1700000)]
  0x0000025e58331680 JavaThread "Reference Handler" daemon [_thread_blocked, id=9224, stack(0x000000fbb1d00000,0x000000fbb1e00000)]
  0x0000025e58332400 JavaThread "Finalizer" daemon [_thread_blocked, id=13064, stack(0x000000fbb1e00000,0x000000fbb1f00000)]
  0x0000025e58354290 JavaThread "Signal Dispatcher" daemon [_thread_blocked, id=4208, stack(0x000000fbb1f00000,0x000000fbb2000000)]
  0x0000025e58356f20 JavaThread "Attach Listener" daemon [_thread_blocked, id=8628, stack(0x000000fbb2000000,0x000000fbb2100000)]
  0x0000025e583587f0 JavaThread "Service Thread" daemon [_thread_blocked, id=8768, stack(0x000000fbb2100000,0x000000fbb2200000)]
  0x0000025e583590b0 JavaThread "Monitor Deflation Thread" daemon [_thread_blocked, id=9716, stack(0x000000fbb2200000,0x000000fbb2300000)]
  0x0000025e58359a20 JavaThread "C1 CompilerThread0" daemon [_thread_blocked, id=8376, stack(0x000000fbb2300000,0x000000fbb2400000)]
  0x0000025e5838e5f0 JavaThread "Sweeper thread" daemon [_thread_blocked, id=2396, stack(0x000000fbb2400000,0x000000fbb2500000)]
  0x0000025e583ae990 JavaThread "Common-Cleaner" daemon [_thread_blocked, id=8604, stack(0x000000fbb2500000,0x000000fbb2600000)]
  0x0000025e5860ae00 JavaThread "Notification Thread" daemon [_thread_blocked, id=7572, stack(0x000000fbb2600000,0x000000fbb2700000)]
  0x0000025e5d28ad50 JavaThread "C1 CompilerThread1" daemon [_thread_blocked, id=4552, stack(0x000000fbb2700000,0x000000fbb2800000)]
  0x0000025e5d3f0ec0 JavaThread "RMI TCP Accept-0" daemon [_thread_in_native, id=4596, stack(0x000000fbb2800000,0x000000fbb2900000)]
  0x0000025e5d3f5ab0 JavaThread "RMI TCP Accept-61682" daemon [_thread_in_native, id=1736, stack(0x000000fbb2900000,0x000000fbb2a00000)]
  0x0000025e5d3ffc40 JavaThread "RMI TCP Accept-0" daemon [_thread_in_native, id=9088, stack(0x000000fbb2a00000,0x000000fbb2b00000)]
  0x0000025e5d4ef850 JavaThread "RMI TCP Connection(1)-127.0.0.1" daemon [_thread_in_native, id=11304, stack(0x000000fbb3000000,0x000000fbb3100000)]
  0x0000025e5d4ce820 JavaThread "RMI TCP Connection(2)-127.0.0.1" daemon [_thread_in_native, id=1876, stack(0x000000fbb3100000,0x000000fbb3200000)]
  0x0000025e5d6a7d20 JavaThread "RMI Scheduler(0)" daemon [_thread_blocked, id=6540, stack(0x000000fbb3200000,0x000000fbb3300000)]
  0x0000025e5d6b29c0 JavaThread "JMX server connection timeout 21" daemon [_thread_blocked, id=3204, stack(0x000000fbb3300000,0x000000fbb3400000)]
  0x0000025e5d77fbc0 JavaThread "Thread-0" [_thread_blocked, id=11916, stack(0x000000fbb3400000,0x000000fbb3500000)]
  0x0000025e5d77d540 JavaThread "restartedMain" [_thread_blocked, id=14224, stack(0x000000fbb3500000,0x000000fbb3600000)]
  0x0000025e5d77e880 JavaThread "mysql-cj-abandoned-connection-cleanup" daemon [_thread_blocked, id=5272, stack(0x000000fbb3700000,0x000000fbb3800000)]
  0x0000025e5d780090 JavaThread "HikariPool-1 housekeeper" daemon [_thread_blocked, id=4200, stack(0x000000fbb3900000,0x000000fbb3a00000)]
  0x0000025e5d77f6f0 JavaThread "Catalina-utility-1" [_thread_blocked, id=7808, stack(0x000000fbb3a00000,0x000000fbb3b00000)]
  0x0000025e5d780560 JavaThread "Catalina-utility-2" [_thread_blocked, id=7436, stack(0x000000fbb3b00000,0x000000fbb3c00000)]
  0x0000025e5d780a30 JavaThread "container-0" [_thread_blocked, id=832, stack(0x000000fbb3c00000,0x000000fbb3d00000)]
  0x0000025e5d77d070 JavaThread "HikariPool-1 connection adder" daemon [_thread_blocked, id=1464, stack(0x000000fbb3d00000,0x000000fbb3e00000)]

Other Threads:
=>0x0000025e583089e0 VMThread "VM Thread" [stack: 0x000000fbb1c00000,0x000000fbb1d00000] [id=1512]
  0x0000025e5d2b7710 WatcherThread [stack: 0x000000fbb2b00000,0x000000fbb2c00000] [id=10544]
  0x0000025e4d951170 GCTaskThread "GC Thread#0" [stack: 0x000000fbb1700000,0x000000fbb1800000] [id=5600]
  0x0000025e5d481100 GCTaskThread "GC Thread#1" [stack: 0x000000fbb2c00000,0x000000fbb2d00000] [id=7876]
  0x0000025e5d4467e0 GCTaskThread "GC Thread#2" [stack: 0x000000fbb2d00000,0x000000fbb2e00000] [id=5348]
  0x0000025e5d446a90 GCTaskThread "GC Thread#3" [stack: 0x000000fbb2e00000,0x000000fbb2f00000] [id=3836]
  0x0000025e4d958c00 ConcurrentGCThread "G1 Main Marker" [stack: 0x000000fbb1800000,0x000000fbb1900000] [id=12096]
  0x0000025e4d95a530 ConcurrentGCThread "G1 Conc#0" [stack: 0x000000fbb1900000,0x000000fbb1a00000] [id=10220]
  0x0000025e4d996280 ConcurrentGCThread "G1 Refine#0" [stack: 0x000000fbb1a00000,0x000000fbb1b00000] [id=13352]
  0x0000025e5d4813b0 ConcurrentGCThread "G1 Refine#1" [stack: 0x000000fbb2f00000,0x000000fbb3000000] [id=656]
  0x0000025e4d997350 ConcurrentGCThread "G1 Service" [stack: 0x000000fbb1b00000,0x000000fbb1c00000] [id=4776]

Threads with active compile tasks:

VM state: at safepoint (normal execution)

VM Mutex/Monitor currently owned by a thread:  ([mutex/lock_event])
[0x0000025e4d9145f0] Threads_lock - owner thread: 0x0000025e583089e0
[0x0000025e4d9143b0] Heap_lock - owner thread: 0x0000025e5d77d540

Heap address: 0x00000000c9e00000, size: 866 MB, Compressed Oops mode: 32-bit

CDS archive(s) not mapped
Compressed class space mapped at: 0x0000000100000000-0x0000000140000000, reserved size: 1073741824
Narrow klass base: 0x0000000000000000, Narrow klass shift: 3, Narrow klass range: 0x140000000

GC Precious Log:
 CPUs: 4 total, 4 available
 Memory: 3459M
 Large Page Support: Disabled
 NUMA Support: Disabled
 Compressed Oops: Enabled (32-bit)
 Heap Region Size: 1M
 Heap Min Capacity: 8M
 Heap Initial Capacity: 56M
 Heap Max Capacity: 866M
 Pre-touch: Disabled
 Parallel Workers: 4
 Concurrent Workers: 1
 Concurrent Refinement Workers: 4
 Periodic GC: Disabled

Heap:
 garbage-first heap   total 46080K, used 22167K [0x00000000c9e00000, 0x0000000100000000)
  region size 1024K, 1 young (1024K), 1 survivors (1024K)
 Metaspace       used 50036K, committed 50496K, reserved 1114112K
  class space    used 6458K, committed 6656K, reserved 1048576K

Heap Regions: E=young(eden), S=young(survivor), O=old, HS=humongous(starts), HC=humongous(continues), CS=collection set, F=free, OA=open archive, CA=closed archive, TAMS=top-at-mark-start (previous, next)
|   0|0x00000000c9e00000, 0x00000000c9f00000, 0x00000000c9f00000|100%|HS|  |TAMS 0x00000000c9f00000, 0x00000000c9f00000| Complete 
|   1|0x00000000c9f00000, 0x00000000ca000000, 0x00000000ca000000|100%| O|  |TAMS 0x00000000ca000000, 0x00000000ca000000| Untracked 
|   2|0x00000000ca000000, 0x00000000ca100000, 0x00000000ca100000|100%| O|  |TAMS 0x00000000ca100000, 0x00000000ca100000| Untracked 
|   3|0x00000000ca100000, 0x00000000ca200000, 0x00000000ca200000|100%| O|  |TAMS 0x00000000ca200000, 0x00000000ca200000| Untracked 
|   4|0x00000000ca200000, 0x00000000ca300000, 0x00000000ca300000|100%| O|  |TAMS 0x00000000ca300000, 0x00000000ca300000| Untracked 
|   5|0x00000000ca300000, 0x00000000ca400000, 0x00000000ca400000|100%| O|  |TAMS 0x00000000ca400000, 0x00000000ca400000| Untracked 
|   6|0x00000000ca400000, 0x00000000ca500000, 0x00000000ca500000|100%| O|  |TAMS 0x00000000ca500000, 0x00000000ca500000| Untracked 
|   7|0x00000000ca500000, 0x00000000ca550600, 0x00000000ca600000| 31%| O|  |TAMS 0x00000000ca550600, 0x00000000ca550600| Untracked 
|   8|0x00000000ca600000, 0x00000000ca700000, 0x00000000ca700000|100%| O|  |TAMS 0x00000000ca700000, 0x00000000ca700000| Untracked 
|   9|0x00000000ca700000, 0x00000000ca800000, 0x00000000ca800000|100%| O|  |TAMS 0x00000000ca800000, 0x00000000ca800000| Untracked 
|  10|0x00000000ca800000, 0x00000000ca900000, 0x00000000ca900000|100%| O|  |TAMS 0x00000000ca900000, 0x00000000ca900000| Untracked 
|  11|0x00000000ca900000, 0x00000000caa00000, 0x00000000caa00000|100%| O|  |TAMS 0x00000000caa00000, 0x00000000caa00000| Untracked 
|  12|0x00000000caa00000, 0x00000000cab00000, 0x00000000cab00000|100%| O|  |TAMS 0x00000000cab00000, 0x00000000cab00000| Untracked 
|  13|0x00000000cab00000, 0x00000000cac00000, 0x00000000cac00000|100%| O|  |TAMS 0x00000000cab7a800, 0x00000000cac00000| Untracked 
|  14|0x00000000cac00000, 0x00000000cad00000, 0x00000000cad00000|100%| O|  |TAMS 0x00000000cac00000, 0x00000000cad00000| Untracked 
|  15|0x00000000cad00000, 0x00000000cae00000, 0x00000000cae00000|100%| O|  |TAMS 0x00000000cad00000, 0x00000000cae00000| Untracked 
|  16|0x00000000cae00000, 0x00000000caf00000, 0x00000000caf00000|100%| O|  |TAMS 0x00000000cae00000, 0x00000000caf00000| Untracked 
|  17|0x00000000caf00000, 0x00000000cb000000, 0x00000000cb000000|100%| O|  |TAMS 0x00000000caf00000, 0x00000000cb000000| Untracked 
|  18|0x00000000cb000000, 0x00000000cb100000, 0x00000000cb100000|100%| O|  |TAMS 0x00000000cb000000, 0x00000000cb100000| Untracked 
|  19|0x00000000cb100000, 0x00000000cb200000, 0x00000000cb200000|100%| O|  |TAMS 0x00000000cb100000, 0x00000000cb200000| Untracked 
|  20|0x00000000cb200000, 0x00000000cb300000, 0x00000000cb300000|100%| O|  |TAMS 0x00000000cb200000, 0x00000000cb21c000| Untracked 
|  21|0x00000000cb300000, 0x00000000cb365c00, 0x00000000cb400000| 39%| O|  |TAMS 0x00000000cb300000, 0x00000000cb300000| Untracked 
|  22|0x00000000cb400000, 0x00000000cb400000, 0x00000000cb500000|  0%| F|  |TAMS 0x00000000cb400000, 0x00000000cb400000| Untracked 
|  23|0x00000000cb500000, 0x00000000cb500000, 0x00000000cb600000|  0%| F|  |TAMS 0x00000000cb500000, 0x00000000cb500000| Untracked 
|  24|0x00000000cb600000, 0x00000000cb600000, 0x00000000cb700000|  0%| F|  |TAMS 0x00000000cb600000, 0x00000000cb600000| Untracked 
|  25|0x00000000cb700000, 0x00000000cb700000, 0x00000000cb800000|  0%| F|  |TAMS 0x00000000cb700000, 0x00000000cb700000| Untracked 
|  26|0x00000000cb800000, 0x00000000cb800000, 0x00000000cb900000|  0%| F|  |TAMS 0x00000000cb800000, 0x00000000cb800000| Untracked 
|  27|0x00000000cb900000, 0x00000000cb900000, 0x00000000cba00000|  0%| F|  |TAMS 0x00000000cb900000, 0x00000000cb900000| Untracked 
|  28|0x00000000cba00000, 0x00000000cba00000, 0x00000000cbb00000|  0%| F|  |TAMS 0x00000000cba00000, 0x00000000cba00000| Untracked 
|  29|0x00000000cbb00000, 0x00000000cbb00000, 0x00000000cbc00000|  0%| F|  |TAMS 0x00000000cbb00000, 0x00000000cbb00000| Untracked 
|  30|0x00000000cbc00000, 0x00000000cbc00000, 0x00000000cbd00000|  0%| F|  |TAMS 0x00000000cbc00000, 0x00000000cbc00000| Untracked 
|  31|0x00000000cbd00000, 0x00000000cbd00000, 0x00000000cbe00000|  0%| F|  |TAMS 0x00000000cbd00000, 0x00000000cbd00000| Untracked 
|  32|0x00000000cbe00000, 0x00000000cbeefcf0, 0x00000000cbf00000| 93%| S|CS|TAMS 0x00000000cbe00000, 0x00000000cbe00000| Complete 
|  33|0x00000000cbf00000, 0x00000000cbf00000, 0x00000000cc000000|  0%| F|  |TAMS 0x00000000cbf00000, 0x00000000cbf00000| Untracked 
|  34|0x00000000cc000000, 0x00000000cc000000, 0x00000000cc100000|  0%| F|  |TAMS 0x00000000cc000000, 0x00000000cc000000| Untracked 
|  35|0x00000000cc100000, 0x00000000cc100000, 0x00000000cc200000|  0%| F|  |TAMS 0x00000000cc100000, 0x00000000cc100000| Untracked 
|  36|0x00000000cc200000, 0x00000000cc200000, 0x00000000cc300000|  0%| F|  |TAMS 0x00000000cc200000, 0x00000000cc200000| Untracked 
|  37|0x00000000cc300000, 0x00000000cc300000, 0x00000000cc400000|  0%| F|  |TAMS 0x00000000cc300000, 0x00000000cc300000| Untracked 
|  38|0x00000000cc400000, 0x00000000cc400000, 0x00000000cc500000|  0%| F|  |TAMS 0x00000000cc400000, 0x00000000cc400000| Untracked 
|  39|0x00000000cc500000, 0x00000000cc500000, 0x00000000cc600000|  0%| F|  |TAMS 0x00000000cc500000, 0x00000000cc500000| Untracked 
|  40|0x00000000cc600000, 0x00000000cc600000, 0x00000000cc700000|  0%| F|  |TAMS 0x00000000cc600000, 0x00000000cc600000| Untracked 
|  41|0x00000000cc700000, 0x00000000cc700000, 0x00000000cc800000|  0%| F|  |TAMS 0x00000000cc700000, 0x00000000cc700000| Untracked 
|  45|0x00000000ccb00000, 0x00000000ccb00000, 0x00000000ccc00000|  0%| F|  |TAMS 0x00000000ccb00000, 0x00000000ccb00000| Untracked 
|  46|0x00000000ccc00000, 0x00000000ccc00000, 0x00000000ccd00000|  0%| F|  |TAMS 0x00000000ccc00000, 0x00000000ccc00000| Untracked 
|  55|0x00000000cd500000, 0x00000000cd500000, 0x00000000cd600000|  0%| F|  |TAMS 0x00000000cd500000, 0x00000000cd500000| Untracked 

Card table byte_map: [0x0000025e53fd0000,0x0000025e54190000] _byte_map_base: 0x0000025e53981000

Marking Bits (Prev, Next): (CMBitMap*) 0x0000025e4d951690, (CMBitMap*) 0x0000025e4d9516d0
 Prev Bits: [0x0000025e54350000, 0x0000025e550d8000)
 Next Bits: [0x0000025e550e0000, 0x0000025e55e68000)

Polling page: 0x0000025e4b7d0000

Metaspace:

Usage:
  Non-class:     42.56 MB used.
      Class:      6.31 MB used.
       Both:     48.86 MB used.

Virtual space:
  Non-class space:       64.00 MB reserved,      42.81 MB ( 67%) committed,  1 nodes.
      Class space:        1.00 GB reserved,       6.50 MB ( <1%) committed,  1 nodes.
             Both:        1.06 GB reserved,      49.31 MB (  5%) committed. 

Chunk freelists:
   Non-Class:  4.78 MB
       Class:  9.50 MB
        Both:  14.28 MB

MaxMetaspaceSize: unlimited
CompressedClassSpaceSize: 1.00 GB
Initial GC threshold: 21.00 MB
Current GC threshold: 59.06 MB
CDS: off
MetaspaceReclaimPolicy: balanced
 - commit_granule_bytes: 65536.
 - commit_granule_words: 8192.
 - virtual_space_node_default_size: 8388608.
 - enlarge_chunks_in_place: 1.
 - new_chunks_are_fully_committed: 0.
 - uncommit_free_chunks: 1.
 - use_allocation_guard: 0.
 - handle_deallocations: 1.


Internal statistics:

num_allocs_failed_limit: 6.
num_arena_births: 610.
num_arena_deaths: 0.
num_vsnodes_births: 2.
num_vsnodes_deaths: 0.
num_space_committed: 789.
num_space_uncommitted: 0.
num_chunks_returned_to_freelist: 6.
num_chunks_taken_from_freelist: 2012.
num_chunk_merges: 3.
num_chunk_splits: 1377.
num_chunks_enlarged: 1015.
num_inconsistent_stats: 0.

CodeCache: size=49152Kb used=8417Kb max_used=8417Kb free=40734Kb
 bounds [0x0000025e50fd0000, 0x0000025e51810000, 0x0000025e53fd0000]
 total_blobs=4866 nmethods=4280 adapters=512
 compilation: enabled
              stopped_count=0, restarted_count=0
 full_count=0

Compilation events (20 events):
Event: 8.720 Thread 0x0000025e5d28ad50 4271       1       sun.security.ssl.NamedGroup::isPermitted (43 bytes)
Event: 8.720 Thread 0x0000025e5d28ad50 nmethod 4271 0x0000025e51802c90 code [0x0000025e51802e40, 0x0000025e51802fb8]
Event: 8.720 Thread 0x0000025e5d28ad50 4272       1       java.util.ImmutableCollections$Set12::<init> (20 bytes)
Event: 8.721 Thread 0x0000025e5d28ad50 nmethod 4272 0x0000025e51803090 code [0x0000025e51803240, 0x0000025e51803468]
Event: 8.722 Thread 0x0000025e5d28ad50 4273       1       java.lang.Math::subtractExact (26 bytes)
Event: 8.723 Thread 0x0000025e5d28ad50 nmethod 4273 0x0000025e51803510 code [0x0000025e518036a0, 0x0000025e518037e8]
Event: 8.723 Thread 0x0000025e5d28ad50 4274       1       java.nio.DirectByteBuffer::isReadOnly (2 bytes)
Event: 8.723 Thread 0x0000025e5d28ad50 nmethod 4274 0x0000025e51803890 code [0x0000025e51803a20, 0x0000025e51803af8]
Event: 8.724 Thread 0x0000025e5d28ad50 4275       1       com.sun.crypto.provider.GaloisCounterMode$GCMDecrypt::doFinal (512 bytes)
Event: 8.724 Thread 0x0000025e58359a20 4276       1       java.nio.ByteBuffer::base (5 bytes)
Event: 8.724 Thread 0x0000025e58359a20 nmethod 4276 0x0000025e51803b90 code [0x0000025e51803d20, 0x0000025e51803df8]
Event: 8.725 Thread 0x0000025e58359a20 4277   !   1       com.mysql.cj.protocol.a.NativeProtocol::readMessage (85 bytes)
Event: 8.726 Thread 0x0000025e58359a20 nmethod 4277 0x0000025e51803e90 code [0x0000025e51804080, 0x0000025e51804448]
Event: 8.728 Thread 0x0000025e5d28ad50 nmethod 4275 0x0000025e51804890 code [0x0000025e51804d00, 0x0000025e51806458]
Event: 8.830 Thread 0x0000025e5d28ad50 4278       1       jdk.internal.module.ServicesCatalog::findServices (17 bytes)
Event: 8.830 Thread 0x0000025e58359a20 4279       1       java.util.concurrent.ConcurrentHashMap::getOrDefault (16 bytes)
Event: 8.830 Thread 0x0000025e58359a20 nmethod 4279 0x0000025e51807690 code [0x0000025e51807820, 0x0000025e51807908]
Event: 8.830 Thread 0x0000025e5d28ad50 nmethod 4278 0x0000025e51807990 code [0x0000025e51807b40, 0x0000025e51807c88]
Event: 8.848 Thread 0x0000025e58359a20 4280       1       ch.qos.logback.core.pattern.FormattingConverter::write (154 bytes)
Event: 8.849 Thread 0x0000025e58359a20 nmethod 4280 0x0000025e51807d10 code [0x0000025e51807f60, 0x0000025e51808438]

GC Heap History (20 events):
Event: 3.951 GC heap after
{Heap after GC invocations=4 (full 0):
 garbage-first heap   total 57344K, used 9406K [0x00000000c9e00000, 0x0000000100000000)
  region size 1024K, 2 young (2048K), 2 survivors (2048K)
 Metaspace       used 21209K, committed 21504K, reserved 1114112K
  class space    used 2499K, committed 2688K, reserved 1048576K
}
Event: 4.385 GC heap before
{Heap before GC invocations=5 (full 0):
 garbage-first heap   total 37888K, used 28862K [0x00000000c9e00000, 0x0000000100000000)
  region size 1024K, 22 young (22528K), 2 survivors (2048K)
 Metaspace       used 25219K, committed 25536K, reserved 1114112K
  class space    used 3106K, committed 3264K, reserved 1048576K
}
Event: 4.391 GC heap after
{Heap after GC invocations=6 (full 0):
 garbage-first heap   total 37888K, used 10699K [0x00000000c9e00000, 0x0000000100000000)
  region size 1024K, 2 young (2048K), 2 survivors (2048K)
 Metaspace       used 25219K, committed 25536K, reserved 1114112K
  class space    used 3106K, committed 3264K, reserved 1048576K
}
Event: 4.718 GC heap before
{Heap before GC invocations=6 (full 0):
 garbage-first heap   total 37888K, used 24011K [0x00000000c9e00000, 0x0000000100000000)
  region size 1024K, 16 young (16384K), 2 survivors (2048K)
 Metaspace       used 28465K, committed 28736K, reserved 1114112K
  class space    used 3460K, committed 3584K, reserved 1048576K
}
Event: 4.724 GC heap after
{Heap after GC invocations=7 (full 0):
 garbage-first heap   total 37888K, used 12279K [0x00000000c9e00000, 0x0000000100000000)
  region size 1024K, 2 young (2048K), 2 survivors (2048K)
 Metaspace       used 28465K, committed 28736K, reserved 1114112K
  class space    used 3460K, committed 3584K, reserved 1048576K
}
Event: 5.230 GC heap before
{Heap before GC invocations=7 (full 0):
 garbage-first heap   total 37888K, used 24567K [0x00000000c9e00000, 0x0000000100000000)
  region size 1024K, 15 young (15360K), 2 survivors (2048K)
 Metaspace       used 30068K, committed 30336K, reserved 1114112K
  class space    used 3709K, committed 3840K, reserved 1048576K
}
Event: 5.234 GC heap after
{Heap after GC invocations=8 (full 0):
 garbage-first heap   total 46080K, used 13154K [0x00000000c9e00000, 0x0000000100000000)
  region size 1024K, 1 young (1024K), 1 survivors (1024K)
 Metaspace       used 30068K, committed 30336K, reserved 1114112K
  class space    used 3709K, committed 3840K, reserved 1048576K
}
Event: 6.614 GC heap before
{Heap before GC invocations=8 (full 0):
 garbage-first heap   total 46080K, used 33634K [0x00000000c9e00000, 0x0000000100000000)
  region size 1024K, 21 young (21504K), 1 survivors (1024K)
 Metaspace       used 32360K, committed 32704K, reserved 1114112K
  class space    used 4059K, committed 4224K, reserved 1048576K
}
Event: 6.619 GC heap after
{Heap after GC invocations=9 (full 0):
 garbage-first heap   total 46080K, used 14488K [0x00000000c9e00000, 0x0000000100000000)
  region size 1024K, 3 young (3072K), 3 survivors (3072K)
 Metaspace       used 32360K, committed 32704K, reserved 1114112K
  class space    used 4059K, committed 4224K, reserved 1048576K
}
Event: 7.138 GC heap before
{Heap before GC invocations=9 (full 0):
 garbage-first heap   total 46080K, used 31896K [0x00000000c9e00000, 0x0000000100000000)
  region size 1024K, 21 young (21504K), 3 survivors (3072K)
 Metaspace       used 35142K, committed 35584K, reserved 1114112K
  class space    used 4507K, committed 4736K, reserved 1048576K
}
Event: 7.144 GC heap after
{Heap after GC invocations=10 (full 0):
 garbage-first heap   total 46080K, used 16171K [0x00000000c9e00000, 0x0000000100000000)
  region size 1024K, 3 young (3072K), 3 survivors (3072K)
 Metaspace       used 35142K, committed 35584K, reserved 1114112K
  class space    used 4507K, committed 4736K, reserved 1048576K
}
Event: 7.225 GC heap before
{Heap before GC invocations=10 (full 0):
 garbage-first heap   total 46080K, used 19243K [0x00000000c9e00000, 0x0000000100000000)
  region size 1024K, 7 young (7168K), 3 survivors (3072K)
 Metaspace       used 35715K, committed 36096K, reserved 1114112K
  class space    used 4587K, committed 4800K, reserved 1048576K
}
Event: 7.230 GC heap after
{Heap after GC invocations=11 (full 0):
 garbage-first heap   total 46080K, used 16750K [0x00000000c9e00000, 0x0000000100000000)
  region size 1024K, 1 young (1024K), 1 survivors (1024K)
 Metaspace       used 35715K, committed 36096K, reserved 1114112K
  class space    used 4587K, committed 4800K, reserved 1048576K
}
Event: 7.659 GC heap before
{Heap before GC invocations=12 (full 0):
 garbage-first heap   total 46080K, used 34158K [0x00000000c9e00000, 0x0000000100000000)
  region size 1024K, 18 young (18432K), 1 survivors (1024K)
 Metaspace       used 38327K, committed 38784K, reserved 1114112K
  class space    used 4941K, committed 5120K, reserved 1048576K
}
Event: 7.664 GC heap after
{Heap after GC invocations=13 (full 0):
 garbage-first heap   total 46080K, used 18578K [0x00000000c9e00000, 0x0000000100000000)
  region size 1024K, 3 young (3072K), 3 survivors (3072K)
 Metaspace       used 38327K, committed 38784K, reserved 1114112K
  class space    used 4941K, committed 5120K, reserved 1048576K
}
Event: 8.034 GC heap before
{Heap before GC invocations=13 (full 0):
 garbage-first heap   total 46080K, used 33938K [0x00000000c9e00000, 0x0000000100000000)
  region size 1024K, 18 young (18432K), 3 survivors (3072K)
 Metaspace       used 42981K, committed 43456K, reserved 1114112K
  class space    used 5476K, committed 5696K, reserved 1048576K
}
Event: 8.039 GC heap after
{Heap after GC invocations=14 (full 0):
 garbage-first heap   total 46080K, used 20005K [0x00000000c9e00000, 0x0000000100000000)
  region size 1024K, 2 young (2048K), 2 survivors (2048K)
 Metaspace       used 42981K, committed 43456K, reserved 1114112K
  class space    used 5476K, committed 5696K, reserved 1048576K
}
Event: 8.564 GC heap before
{Heap before GC invocations=14 (full 0):
 garbage-first heap   total 46080K, used 34341K [0x00000000c9e00000, 0x0000000100000000)
  region size 1024K, 16 young (16384K), 2 survivors (2048K)
 Metaspace       used 47274K, committed 47744K, reserved 1114112K
  class space    used 6032K, committed 6272K, reserved 1048576K
}
Event: 8.570 GC heap after
{Heap after GC invocations=15 (full 0):
 garbage-first heap   total 46080K, used 21336K [0x00000000c9e00000, 0x0000000100000000)
  region size 1024K, 2 young (2048K), 2 survivors (2048K)
 Metaspace       used 47274K, committed 47744K, reserved 1114112K
  class space    used 6032K, committed 6272K, reserved 1048576K
}
Event: 8.908 GC heap before
{Heap before GC invocations=15 (full 0):
 garbage-first heap   total 46080K, used 33624K [0x00000000c9e00000, 0x0000000100000000)
  region size 1024K, 14 young (14336K), 2 survivors (2048K)
 Metaspace       used 50036K, committed 50496K, reserved 1114112K
  class space    used 6458K, committed 6656K, reserved 1048576K
}

Dll operation events (9 events):
Event: 0.027 Loaded shared library C:\Users\LENOVO\Downloads\sts-4.19.1.RELEASE\plugins\org.eclipse.justj.openjdk.hotspot.jre.full.win32.x86_64_17.0.7.v20230425-1502\jre\bin\java.dll
Event: 0.831 Loaded shared library C:\Users\LENOVO\Downloads\sts-4.19.1.RELEASE\plugins\org.eclipse.justj.openjdk.hotspot.jre.full.win32.x86_64_17.0.7.v20230425-1502\jre\bin\jimage.dll
Event: 0.885 Loaded shared library C:\Users\LENOVO\Downloads\sts-4.19.1.RELEASE\plugins\org.eclipse.justj.openjdk.hotspot.jre.full.win32.x86_64_17.0.7.v20230425-1502\jre\bin\net.dll
Event: 0.892 Loaded shared library C:\Users\LENOVO\Downloads\sts-4.19.1.RELEASE\plugins\org.eclipse.justj.openjdk.hotspot.jre.full.win32.x86_64_17.0.7.v20230425-1502\jre\bin\nio.dll
Event: 0.902 Loaded shared library C:\Users\LENOVO\Downloads\sts-4.19.1.RELEASE\plugins\org.eclipse.justj.openjdk.hotspot.jre.full.win32.x86_64_17.0.7.v20230425-1502\jre\bin\zip.dll
Event: 1.144 Loaded shared library C:\Users\LENOVO\Downloads\sts-4.19.1.RELEASE\plugins\org.eclipse.justj.openjdk.hotspot.jre.full.win32.x86_64_17.0.7.v20230425-1502\jre\bin\management.dll
Event: 1.192 Loaded shared library C:\Users\LENOVO\Downloads\sts-4.19.1.RELEASE\plugins\org.eclipse.justj.openjdk.hotspot.jre.full.win32.x86_64_17.0.7.v20230425-1502\jre\bin\management_ext.dll
Event: 7.493 Loaded shared library C:\Users\LENOVO\Downloads\sts-4.19.1.RELEASE\plugins\org.eclipse.justj.openjdk.hotspot.jre.full.win32.x86_64_17.0.7.v20230425-1502\jre\bin\sunmscapi.dll
Event: 8.862 Loaded shared library C:\Users\LENOVO\Downloads\sts-4.19.1.RELEASE\plugins\org.eclipse.justj.openjdk.hotspot.jre.full.win32.x86_64_17.0.7.v20230425-1502\jre\bin\verify.dll

Deoptimization events (4 events):
Event: 4.000 Thread 0x0000025e5d77d540 DEOPT PACKING pc=0x0000025e5144bb99 sp=0x000000fbb35fc750
Event: 4.001 Thread 0x0000025e5d77d540 DEOPT UNPACKING pc=0x0000025e51027143 sp=0x000000fbb35fbc30 mode 3
Event: 7.774 Thread 0x0000025e5d77d540 DEOPT PACKING pc=0x0000025e516c537d sp=0x000000fbb35f7cd0
Event: 7.774 Thread 0x0000025e5d77d540 DEOPT UNPACKING pc=0x0000025e51027143 sp=0x000000fbb35f7238 mode 3

Classes unloaded (0 events):
No events

Classes redefined (0 events):
No events

Internal exceptions (20 events):
Event: 7.250 Thread 0x0000025e5d77d540 Exception <a 'java/lang/NoSuchMethodError'{0x00000000cd5d1d90}: 'void java.lang.invoke.DirectMethodHandle$Holder.invokeVirtual(java.lang.Object, java.lang.Object, int)'> (0x00000000cd5d1d90) 
thrown [s\src\hotspot\share\interpreter\linkResolver.cpp, line 759]
Event: 7.251 Thread 0x0000025e5d77d540 Exception <a 'java/lang/NoSuchMethodError'{0x00000000cd5d7fd8}: 'void java.lang.invoke.DirectMethodHandle$Holder.invokeStatic(java.lang.Object, java.lang.Object, java.lang.Object, int, java.lang.Object)'> (0x00000000cd5d7fd8) 
thrown [s\src\hotspot\share\interpreter\linkResolver.cpp, line 759]
Event: 7.251 Thread 0x0000025e5d77d540 Exception <a 'java/lang/NoSuchMethodError'{0x00000000cd5df4e0}: 'java.lang.Object java.lang.invoke.DirectMethodHandle$Holder.newInvokeSpecial(java.lang.Object, java.lang.Object, java.lang.Object, int)'> (0x00000000cd5df4e0) 
thrown [s\src\hotspot\share\interpreter\linkResolver.cpp, line 759]
Event: 7.251 Thread 0x0000025e5d77d540 Exception <a 'java/lang/NoSuchMethodError'{0x00000000cd5e37c8}: 'java.lang.Object java.lang.invoke.DirectMethodHandle$Holder.invokeSpecial(java.lang.Object, java.lang.Object, java.lang.Object, java.lang.Object, int)'> (0x00000000cd5e37c8) 
thrown [s\src\hotspot\share\interpreter\linkResolver.cpp, line 759]
Event: 7.252 Thread 0x0000025e5d77d540 Exception <a 'java/lang/NoSuchMethodError'{0x00000000cd5e7390}: 'java.lang.Object java.lang.invoke.Invokers$Holder.linkToTargetMethod(java.lang.Object, java.lang.Object, int, java.lang.Object)'> (0x00000000cd5e7390) 
thrown [s\src\hotspot\share\interpreter\linkResolver.cpp, line 759]
Event: 7.442 Thread 0x0000025e5d4ce820 Exception <a 'java/lang/reflect/InvocationTargetException'{0x00000000cc18b400}> (0x00000000cc18b400) 
thrown [s\src\hotspot\share\runtime\reflection.cpp, line 1121]
Event: 7.557 Thread 0x0000025e5d77d540 Exception <a 'sun/nio/fs/WindowsException'{0x00000000cbca09f8}> (0x00000000cbca09f8) 
thrown [s\src\hotspot\share\prims\jni.cpp, line 516]
Event: 7.557 Thread 0x0000025e5d77d540 Exception <a 'sun/nio/fs/WindowsException'{0x00000000cbca6488}> (0x00000000cbca6488) 
thrown [s\src\hotspot\share\prims\jni.cpp, line 516]
Event: 7.558 Thread 0x0000025e5d77d540 Exception <a 'sun/nio/fs/WindowsException'{0x00000000cbca6b68}> (0x00000000cbca6b68) 
thrown [s\src\hotspot\share\prims\jni.cpp, line 516]
Event: 7.591 Thread 0x0000025e5d77d540 Exception <a 'java/lang/NoSuchMethodError'{0x00000000cbbb3770}: 'java.lang.Object java.lang.invoke.DirectMethodHandle$Holder.invokeSpecial(java.lang.Object, java.lang.Object, long, java.lang.Object, java.lang.Object, java.lang.Object, java.lang.Object, java.lang.Object, java.lang.Object)'> (0x00000000cbbb3770) 
thrown [s\src\hotspot\share\interpreter\linkResolver.cpp, line 759]
Event: 7.592 Thread 0x0000025e5d77d540 Exception <a 'java/lang/NoSuchMethodError'{0x00000000cbbb8298}: 'java.lang.Object java.lang.invoke.DelegatingMethodHandle$Holder.reinvoke_L(java.lang.Object, long, java.lang.Object, java.lang.Object, java.lang.Object, java.lang.Object, java.lang.Object, java.lang.Object)'> (0x00000000cbbb8298) 
thrown [s\src\hotspot\share\interpreter\linkResolver.cpp, line 759]
Event: 7.657 Thread 0x0000025e5d77d540 Exception <a 'java/io/FileNotFoundException'{0x00000000cb9d0e38}> (0x00000000cb9d0e38) 
thrown [s\src\hotspot\share\prims\jni.cpp, line 516]
Event: 7.686 Thread 0x0000025e5d77d540 Exception <a 'java/lang/NoSuchMethodError'{0x00000000ccc2ba68}: 'int java.lang.invoke.DirectMethodHandle$Holder.invokeInterface(java.lang.Object, java.lang.Object, java.lang.Object, java.lang.Object)'> (0x00000000ccc2ba68) 
thrown [s\src\hotspot\share\interpreter\linkResolver.cpp, line 759]
Event: 7.946 Thread 0x0000025e5d4ce820 Exception <a 'java/lang/reflect/InvocationTargetException'{0x00000000cbd85710}> (0x00000000cbd85710) 
thrown [s\src\hotspot\share\runtime\reflection.cpp, line 1121]
Event: 7.961 Thread 0x0000025e5d77d540 Exception <a 'sun/nio/fs/WindowsException'{0x00000000cbd6d3d0}> (0x00000000cbd6d3d0) 
thrown [s\src\hotspot\share\prims\jni.cpp, line 516]
Event: 7.972 Thread 0x0000025e5d77d540 Exception <a 'java/lang/NoSuchMethodError'{0x00000000cbd93950}: 'int java.lang.invoke.DirectMethodHandle$Holder.invokeStaticInit(java.lang.Object, java.lang.Object, java.lang.Object, java.lang.Object)'> (0x00000000cbd93950) 
thrown [s\src\hotspot\share\interpreter\linkResolver.cpp, line 759]
Event: 8.216 Thread 0x0000025e5d77d540 Exception <a 'java/lang/NoSuchMethodError'{0x00000000ccb8e2c8}: 'java.lang.Object java.lang.invoke.DirectMethodHandle$Holder.invokeStaticInit(java.lang.Object, java.lang.Object, java.lang.Object, java.lang.Object)'> (0x00000000ccb8e2c8) 
thrown [s\src\hotspot\share\interpreter\linkResolver.cpp, line 759]
Event: 8.266 Thread 0x0000025e5d77d540 Exception <a 'java/lang/NoSuchMethodError'{0x00000000cc6c0f70}: 'long java.lang.invoke.DirectMethodHandle$Holder.invokeVirtual(java.lang.Object, java.lang.Object)'> (0x00000000cc6c0f70) 
thrown [s\src\hotspot\share\interpreter\linkResolver.cpp, line 759]
Event: 8.271 Thread 0x0000025e5d77d540 Exception <a 'java/io/FileNotFoundException'{0x00000000cc6f46c0}> (0x00000000cc6f46c0) 
thrown [s\src\hotspot\share\prims\jni.cpp, line 516]
Event: 8.453 Thread 0x0000025e5d4ce820 Exception <a 'java/lang/reflect/InvocationTargetException'{0x00000000cbf1fc88}> (0x00000000cbf1fc88) 
thrown [s\src\hotspot\share\runtime\reflection.cpp, line 1121]

VM Operations (20 events):
Event: 7.664 Executing VM operation: G1CollectForAllocation done
Event: 7.720 Executing VM operation: HandshakeAllThreads
Event: 7.720 Executing VM operation: HandshakeAllThreads done
Event: 7.962 Executing VM operation: HandshakeAllThreads
Event: 7.963 Executing VM operation: HandshakeAllThreads done
Event: 7.967 Executing VM operation: HandshakeAllThreads
Event: 7.967 Executing VM operation: HandshakeAllThreads done
Event: 8.034 Executing VM operation: G1CollectForAllocation
Event: 8.039 Executing VM operation: G1CollectForAllocation done
Event: 8.118 Executing VM operation: HandshakeAllThreads
Event: 8.118 Executing VM operation: HandshakeAllThreads done
Event: 8.233 Executing VM operation: HandshakeAllThreads
Event: 8.233 Executing VM operation: HandshakeAllThreads done
Event: 8.234 Executing VM operation: HandshakeAllThreads
Event: 8.234 Executing VM operation: HandshakeAllThreads done
Event: 8.274 Executing VM operation: HandshakeAllThreads
Event: 8.274 Executing VM operation: HandshakeAllThreads done
Event: 8.564 Executing VM operation: G1CollectForAllocation
Event: 8.570 Executing VM operation: G1CollectForAllocation done
Event: 8.908 Executing VM operation: G1CollectForAllocation

Events (20 events):
Event: 8.561 loading class java/util/ImmutableCollections$Map1
Event: 8.561 loading class java/util/ImmutableCollections$Map1 done
Event: 8.748 loading class java/util/UUID$Holder
Event: 8.748 loading class java/util/UUID$Holder done
Event: 8.838 loading class javax/xml/stream/XMLEventReader
Event: 8.839 loading class javax/xml/stream/XMLEventReader done
Event: 8.839 loading class javax/xml/stream/XMLResolver
Event: 8.839 loading class javax/xml/stream/XMLResolver done
Event: 8.842 loading class javax/xml/stream/XMLEventFactory
Event: 8.842 loading class javax/xml/stream/XMLEventFactory done
Event: 8.842 loading class javax/xml/stream/FactoryFinder
Event: 8.842 loading class javax/xml/stream/FactoryFinder done
Event: 8.843 loading class javax/xml/stream/FactoryFinder$1
Event: 8.843 loading class javax/xml/stream/FactoryFinder$1 done
Event: 8.843 loading class com/sun/xml/internal/stream/events/XMLEventFactoryImpl
Event: 8.844 loading class com/sun/xml/internal/stream/events/XMLEventFactoryImpl done
Event: 8.874 loading class java/lang/Process
Event: 8.874 loading class java/lang/Process done
Event: 8.892 loading class java/lang/reflect/GenericSignatureFormatError
Event: 8.892 loading class java/lang/reflect/GenericSignatureFormatError done


Dynamic libraries:
0x00007ff6360d0000 - 0x00007ff6360de000 	C:\Users\LENOVO\Downloads\sts-4.19.1.RELEASE\plugins\org.eclipse.justj.openjdk.hotspot.jre.full.win32.x86_64_17.0.7.v20230425-1502\jre\bin\javaw.exe
0x00007fffe0e70000 - 0x00007fffe1068000 	C:\Windows\SYSTEM32\ntdll.dll
0x00007fffdf6d0000 - 0x00007fffdf78d000 	C:\Windows\System32\KERNEL32.DLL
0x00007fffde890000 - 0x00007fffdeb86000 	C:\Windows\System32\KERNELBASE.dll
0x00007fffdeb90000 - 0x00007fffdec90000 	C:\Windows\System32\ucrtbase.dll
0x00007fffbbcf0000 - 0x00007fffbbd07000 	C:\Users\LENOVO\Downloads\sts-4.19.1.RELEASE\plugins\org.eclipse.justj.openjdk.hotspot.jre.full.win32.x86_64_17.0.7.v20230425-1502\jre\bin\jli.dll
0x00007fffe0850000 - 0x00007fffe09ee000 	C:\Windows\System32\USER32.dll
0x00007fffdec90000 - 0x00007fffdecb2000 	C:\Windows\System32\win32u.dll
0x00007fffdf190000 - 0x00007fffdf1bc000 	C:\Windows\System32\GDI32.dll
0x00007fffde5e0000 - 0x00007fffde6fa000 	C:\Windows\System32\gdi32full.dll
0x00007fffdede0000 - 0x00007fffdee7d000 	C:\Windows\System32\msvcp_win.dll
0x00007fffbbb90000 - 0x00007fffbbba9000 	C:\Users\LENOVO\Downloads\sts-4.19.1.RELEASE\plugins\org.eclipse.justj.openjdk.hotspot.jre.full.win32.x86_64_17.0.7.v20230425-1502\jre\bin\VCRUNTIME140.dll
0x00007fffcf360000 - 0x00007fffcf5fa000 	C:\Windows\WinSxS\amd64_microsoft.windows.common-controls_6595b64144ccf1df_6.0.19041.1110_none_60b5254171f9507e\COMCTL32.dll
0x00007fffdf1c0000 - 0x00007fffdf25e000 	C:\Windows\System32\msvcrt.dll
0x00007fffdf6a0000 - 0x00007fffdf6d0000 	C:\Windows\System32\IMM32.DLL
0x00007fffca840000 - 0x00007fffca84c000 	C:\Users\LENOVO\Downloads\sts-4.19.1.RELEASE\plugins\org.eclipse.justj.openjdk.hotspot.jre.full.win32.x86_64_17.0.7.v20230425-1502\jre\bin\vcruntime140_1.dll
0x00007fffb8db0000 - 0x00007fffb8e41000 	C:\Users\LENOVO\Downloads\sts-4.19.1.RELEASE\plugins\org.eclipse.justj.openjdk.hotspot.jre.full.win32.x86_64_17.0.7.v20230425-1502\jre\bin\msvcp140.dll
0x00007fffa8880000 - 0x00007fffa94c8000 	C:\Users\LENOVO\Downloads\sts-4.19.1.RELEASE\plugins\org.eclipse.justj.openjdk.hotspot.jre.full.win32.x86_64_17.0.7.v20230425-1502\jre\bin\server\jvm.dll
0x00007fffdefb0000 - 0x00007fffdf05e000 	C:\Windows\System32\ADVAPI32.dll
0x00007fffe03e0000 - 0x00007fffe047c000 	C:\Windows\System32\sechost.dll
0x00007fffe06b0000 - 0x00007fffe07d6000 	C:\Windows\System32\RPCRT4.dll
0x00007fffd0830000 - 0x00007fffd0839000 	C:\Windows\SYSTEM32\WSOCK32.dll
0x00007fffe0640000 - 0x00007fffe06ab000 	C:\Windows\System32\WS2_32.dll
0x00007fffd5430000 - 0x00007fffd5457000 	C:\Windows\SYSTEM32\WINMM.dll
0x00007fffd5420000 - 0x00007fffd542a000 	C:\Windows\SYSTEM32\VERSION.dll
0x00007fffdc3e0000 - 0x00007fffdc3f2000 	C:\Windows\SYSTEM32\kernel.appcore.dll
0x00007fffce820000 - 0x00007fffce82a000 	C:\Users\LENOVO\Downloads\sts-4.19.1.RELEASE\plugins\org.eclipse.justj.openjdk.hotspot.jre.full.win32.x86_64_17.0.7.v20230425-1502\jre\bin\jimage.dll
0x00007fffcc040000 - 0x00007fffcc224000 	C:\Windows\SYSTEM32\DBGHELP.DLL
0x00007fffcbec0000 - 0x00007fffcbef4000 	C:\Windows\SYSTEM32\dbgcore.DLL
0x00007fffde550000 - 0x00007fffde5d2000 	C:\Windows\System32\bcryptPrimitives.dll
0x00007fffbd9a0000 - 0x00007fffbd9c5000 	C:\Users\LENOVO\Downloads\sts-4.19.1.RELEASE\plugins\org.eclipse.justj.openjdk.hotspot.jre.full.win32.x86_64_17.0.7.v20230425-1502\jre\bin\java.dll
0x00007fffce3c0000 - 0x00007fffce3d8000 	C:\Users\LENOVO\Downloads\sts-4.19.1.RELEASE\plugins\org.eclipse.justj.openjdk.hotspot.jre.full.win32.x86_64_17.0.7.v20230425-1502\jre\bin\zip.dll
0x00007fffdfc90000 - 0x00007fffe03d5000 	C:\Windows\System32\SHELL32.dll
0x00007fffdc5e0000 - 0x00007fffdcd7b000 	C:\Windows\SYSTEM32\windows.storage.dll
0x00007fffe09f0000 - 0x00007fffe0d44000 	C:\Windows\System32\combase.dll
0x00007fffddec0000 - 0x00007fffddeee000 	C:\Windows\SYSTEM32\Wldp.dll
0x00007fffdf260000 - 0x00007fffdf30d000 	C:\Windows\System32\SHCORE.dll
0x00007fffe0d50000 - 0x00007fffe0da5000 	C:\Windows\System32\shlwapi.dll
0x00007fffde480000 - 0x00007fffde4a5000 	C:\Windows\SYSTEM32\profapi.dll
0x00007fffbf320000 - 0x00007fffbf339000 	C:\Users\LENOVO\Downloads\sts-4.19.1.RELEASE\plugins\org.eclipse.justj.openjdk.hotspot.jre.full.win32.x86_64_17.0.7.v20230425-1502\jre\bin\net.dll
0x00007fffd5040000 - 0x00007fffd514a000 	C:\Windows\SYSTEM32\WINHTTP.dll
0x00007fffddc20000 - 0x00007fffddc8a000 	C:\Windows\system32\mswsock.dll
0x00007fffbe7a0000 - 0x00007fffbe7b5000 	C:\Users\LENOVO\Downloads\sts-4.19.1.RELEASE\plugins\org.eclipse.justj.openjdk.hotspot.jre.full.win32.x86_64_17.0.7.v20230425-1502\jre\bin\nio.dll
0x00007fffd89e0000 - 0x00007fffd89e9000 	C:\Users\LENOVO\Downloads\sts-4.19.1.RELEASE\plugins\org.eclipse.justj.openjdk.hotspot.jre.full.win32.x86_64_17.0.7.v20230425-1502\jre\bin\management.dll
0x00007fffd8040000 - 0x00007fffd804b000 	C:\Users\LENOVO\Downloads\sts-4.19.1.RELEASE\plugins\org.eclipse.justj.openjdk.hotspot.jre.full.win32.x86_64_17.0.7.v20230425-1502\jre\bin\management_ext.dll
0x00007fffe0840000 - 0x00007fffe0848000 	C:\Windows\System32\PSAPI.DLL
0x00007fffc5280000 - 0x00007fffc5297000 	C:\Windows\system32\napinsp.dll
0x00007fffc5260000 - 0x00007fffc527b000 	C:\Windows\system32\pnrpnsp.dll
0x00007fffc5240000 - 0x00007fffc5255000 	C:\Windows\system32\wshbth.dll
0x00007fffd9e90000 - 0x00007fffd9ead000 	C:\Windows\system32\NLAapi.dll
0x00007fffdd910000 - 0x00007fffdd94b000 	C:\Windows\SYSTEM32\IPHLPAPI.DLL
0x00007fffdd950000 - 0x00007fffdda1a000 	C:\Windows\SYSTEM32\DNSAPI.dll
0x00007fffe0630000 - 0x00007fffe0638000 	C:\Windows\System32\NSI.dll
0x00007fffc5220000 - 0x00007fffc5232000 	C:\Windows\System32\winrnr.dll
0x00007fffd33b0000 - 0x00007fffd33ba000 	C:\Windows\System32\rasadhlp.dll
0x00007fffcf6a0000 - 0x00007fffcf722000 	C:\Windows\System32\fwpuclnt.dll
0x00007fffde700000 - 0x00007fffde727000 	C:\Windows\System32\bcrypt.dll
0x00007fffdde20000 - 0x00007fffdde38000 	C:\Windows\SYSTEM32\CRYPTSP.dll
0x00007fffdd530000 - 0x00007fffdd564000 	C:\Windows\system32\rsaenh.dll
0x00007fffde440000 - 0x00007fffde46e000 	C:\Windows\SYSTEM32\USERENV.dll
0x00007fffdde10000 - 0x00007fffdde1c000 	C:\Windows\SYSTEM32\CRYPTBASE.dll
0x00007fffd33c0000 - 0x00007fffd33d7000 	C:\Windows\SYSTEM32\dhcpcsvc6.DLL
0x00007fffd3290000 - 0x00007fffd32ad000 	C:\Windows\SYSTEM32\dhcpcsvc.DLL
0x00007fffd1290000 - 0x00007fffd129e000 	C:\Users\LENOVO\Downloads\sts-4.19.1.RELEASE\plugins\org.eclipse.justj.openjdk.hotspot.jre.full.win32.x86_64_17.0.7.v20230425-1502\jre\bin\sunmscapi.dll
0x00007fffde730000 - 0x00007fffde88e000 	C:\Windows\System32\CRYPT32.dll
0x00007fffddf30000 - 0x00007fffddf58000 	C:\Windows\SYSTEM32\ncrypt.dll
0x00007fffddef0000 - 0x00007fffddf2b000 	C:\Windows\SYSTEM32\NTASN1.dll
0x00007fffd89f0000 - 0x00007fffd8a00000 	C:\Users\LENOVO\Downloads\sts-4.19.1.RELEASE\plugins\org.eclipse.justj.openjdk.hotspot.jre.full.win32.x86_64_17.0.7.v20230425-1502\jre\bin\verify.dll

dbghelp: loaded successfully - version: 4.0.5 - missing functions: none
symbol engine: initialized successfully - sym options: 0x614 - pdb path: .;C:\Users\LENOVO\Downloads\sts-4.19.1.RELEASE\plugins\org.eclipse.justj.openjdk.hotspot.jre.full.win32.x86_64_17.0.7.v20230425-1502\jre\bin;C:\Windows\SYSTEM32;C:\Windows\WinSxS\amd64_microsoft.windows.common-controls_6595b64144ccf1df_6.0.19041.1110_none_60b5254171f9507e;C:\Users\LENOVO\Downloads\sts-4.19.1.RELEASE\plugins\org.eclipse.justj.openjdk.hotspot.jre.full.win32.x86_64_17.0.7.v20230425-1502\jre\bin\server

VM Arguments:
jvm_args: -Dcom.sun.management.jmxremote -Dcom.sun.management.jmxremote.port=61682 -Dcom.sun.management.jmxremote.authenticate=false -Dcom.sun.management.jmxremote.ssl=false -Djava.rmi.server.hostname=localhost -Dspring.jmx.enabled=true -Dmanagement.endpoints.jmx.exposure.include=* -Dspring.application.admin.enabled=true -XX:TieredStopAtLevel=1 -Dspring.boot.project.name=ThoughtFlow -Dfile.encoding=UTF-8 -XX:+ShowCodeDetailsInExceptionMessages 
java_command: com.flow.ThoughtFlowApplication --spring.output.ansi.enabled=always
java_class_path (initial): C:\Users\LENOVO\Projects\Project\ThoughtFlow\target\classes;C:\Users\LENOVO\.m2\repository\org\springframework\boot\spring-boot-starter-data-jpa\3.1.1\spring-boot-starter-data-jpa-3.1.1.jar;C:\Users\LENOVO\.m2\repository\org\springframework\boot\spring-boot-starter-aop\3.1.1\spring-boot-starter-aop-3.1.1.jar;C:\Users\LENOVO\.m2\repository\org\springframework\spring-aop\6.0.10\spring-aop-6.0.10.jar;C:\Users\LENOVO\.m2\repository\org\aspectj\aspectjweaver\1.9.19\aspectjweaver-1.9.19.jar;C:\Users\LENOVO\.m2\repository\org\springframework\boot\spring-boot-starter-jdbc\3.1.1\spring-boot-starter-jdbc-3.1.1.jar;C:\Users\LENOVO\.m2\repository\com\zaxxer\HikariCP\5.0.1\HikariCP-5.0.1.jar;C:\Users\LENOVO\.m2\repository\org\springframework\spring-jdbc\6.0.10\spring-jdbc-6.0.10.jar;C:\Users\LENOVO\.m2\repository\org\hibernate\orm\hibernate-core\6.2.5.Final\hibernate-core-6.2.5.Final.jar;C:\Users\LENOVO\.m2\repository\jakarta\persistence\jakarta.persistence-api\3.1.0\jakarta.persistence-api-3.1.0.jar;C:\Users\LENOVO\.m2\repository\jakarta\transaction\jakarta.transaction-api\2.0.1\jakarta.transaction-api-2.0.1.jar;C:\Users\LENOVO\.m2\repository\org\jboss\logging\jboss-logging\3.5.1.Final\jboss-logging-3.5.1.Final.jar;C:\Users\LENOVO\.m2\repository\org\hibernate\common\hibernate-commons-annotations\6.0.6.Final\hibernate-commons-annotations-6.0.6.Final.jar;C:\Users\LENOVO\.m2\repository\io\smallrye\jandex\3.0.5\jandex-3.0.5.jar;C:\Users\LENOVO\.m2\repository\com\fasterxml\classmate\1.5.1\classmate-1.5.1.jar;C:\Users\LENOVO\.m2\repository\net\bytebuddy\byte-buddy\1.14.5\byte-buddy-1.14.5.jar;C:\Users\LENOVO\.m2\repository\org\glassfish\jaxb\jaxb-runtime\4.0.3\jaxb-runtime-4.0.3.jar;C:\Users\LENOVO\.m2\repository\org\glassfish\jaxb\jaxb-core\4.0.3\jaxb-core-4.0.3.jar;C:\Users\LENOVO\.m2\repository\org\eclipse\angus\angus-activation\2.0.1\angus-activation-2.0.1.jar;C:\Users\LENOVO\.m2\repository\org\glassfish\jaxb\txw2\4.0.3\txw2-4.0.3.jar;C:\Users\LENOVO\
Launcher Type: SUN_STANDARD

[Global flags]
     intx CICompilerCount                          = 3                                         {product} {ergonomic}
     uint ConcGCThreads                            = 1                                         {product} {ergonomic}
     uint G1ConcRefinementThreads                  = 4                                         {product} {ergonomic}
   size_t G1HeapRegionSize                         = 1048576                                   {product} {ergonomic}
    uintx GCDrainStackTargetSize                   = 64                                        {product} {ergonomic}
   size_t InitialHeapSize                          = 58720256                                  {product} {ergonomic}
     bool ManagementServer                         = true                                      {product} {command line}
   size_t MarkStackSize                            = 4194304                                   {product} {ergonomic}
   size_t MaxHeapSize                              = 908066816                                 {product} {ergonomic}
   size_t MaxNewSize                               = 544210944                                 {product} {ergonomic}
   size_t MinHeapDeltaBytes                        = 1048576                                   {product} {ergonomic}
   size_t MinHeapSize                              = 8388608                                   {product} {ergonomic}
    uintx NonProfiledCodeHeapSize                  = 0                                      {pd product} {ergonomic}
     bool ProfileInterpreter                       = false                                  {pd product} {command line}
    uintx ProfiledCodeHeapSize                     = 0                                      {pd product} {ergonomic}
     bool ShowCodeDetailsInExceptionMessages       = true                                   {manageable} {command line}
   size_t SoftMaxHeapSize                          = 908066816                              {manageable} {ergonomic}
     intx TieredStopAtLevel                        = 1                                         {product} {command line}
     bool UseCompressedClassPointers               = true                           {product lp64_product} {ergonomic}
     bool UseCompressedOops                        = true                           {product lp64_product} {ergonomic}
     bool UseG1GC                                  = true                                      {product} {ergonomic}
     bool UseLargePagesIndividualAllocation        = false                                  {pd product} {ergonomic}

Logging:
Log output configuration:
 #0: stdout all=warning uptime,level,tags
 #1: stderr all=off uptime,level,tags

Environment Variables:
PATH=C:/Users/LENOVO/Downloads/sts-4.19.1.RELEASE//plugins/org.eclipse.justj.openjdk.hotspot.jre.full.win32.x86_64_17.0.7.v20230425-1502/jre/bin/server;C:/Users/LENOVO/Downloads/sts-4.19.1.RELEASE//plugins/org.eclipse.justj.openjdk.hotspot.jre.full.win32.x86_64_17.0.7.v20230425-1502/jre/bin;C:\Program Files\Common Files\Oracle\Java\javapath;C:\Python310\Scripts\;C:\Python310\;C:\Windows\system32;C:\Windows;C:\Windows\System32\Wbem;C:\Windows\System32\WindowsPowerShell\v1.0\;C:\Windows\System32\OpenSSH\;C:\Program Files\Git\cmd;C:\ProgramData\chocolatey\bin;C:\Users\LENOVO\AppData\Roaming\nvm;C:\Program Files\nodejs;C:\Program Files\MySQL\MySQL Server 8.0\bin;C:\apache-maven-3.9.2\bin;C:\Program Files\MySQL\MySQL Shell 8.0\bin\;C:\Users\LENOVO\AppData\Local\Microsoft\WindowsApps;C:\Users\LENOVO\AppData\Local\Programs\Microsoft VS Code\bin;C:\Users\LENOVO\AppData\Local\Programs\Hyper\resources\bin;C:\Users\LENOVO\AppData\Roaming\npm;C:\Users\LENOVO\AppData\Roaming\nvm;C:\Program Files\nodejs;C:\Users\LENOVO\Downloads\sts-4.19.1.RELEASE;
USERNAME=LENOVO
OS=Windows_NT
PROCESSOR_IDENTIFIER=AMD64 Family 23 Model 24 Stepping 1, AuthenticAMD
TMP=C:\Users\LENOVO\AppData\Local\Temp
TEMP=C:\Users\LENOVO\AppData\Local\Temp



---------------  S Y S T E M  ---------------

OS:
 Windows 10 , 64 bit Build 19041 (10.0.19041.3393)
OS uptime: 7 days 4:39 hours

CPU: total 4 (initial active 4) (4 cores per cpu, 2 threads per core) family 23 model 24 stepping 1 microcode 0x0, cx8, cmov, fxsr, ht, mmx, 3dnowpref, sse, sse2, sse3, ssse3, sse4a, sse4.1, sse4.2, popcnt, lzcnt, tsc, tscinvbit, avx, avx2, aes, clmul, bmi1, bmi2, adx, sha, fma, vzeroupper, clflush, clflushopt

Memory: 4k page, system-wide physical 3459M (228M free)
TotalPageFile size 14211M (AvailPageFile size 6M)
current process WorkingSet (physical memory assigned to process): 157M, peak: 157M
current process commit charge ("private bytes"): 181M, peak: 184M

vm_info: OpenJDK 64-Bit Server VM (17.0.7+7) for windows-amd64 JRE (17.0.7+7), built on Apr 18 2023 22:10:42 by "temurin" with MS VC++ 16.7 (VS2019)

END.
